<?xml version="1.0" encoding="UTF-8"?>
<testsuite name="CodeSharingPlatformTest" tests="1" skipped="0" failures="0" errors="0" timestamp="2023-04-14T22:49:48" hostname="MSI" time="39.048">
  <properties/>
  <testcase name="start" classname="CodeSharingPlatformTest" time="39.048"/>
  <system-out><![CDATA[?[1;31m
Start test 1?[0m
?[0;34m
?[0m?[0;34m  .   ____          _            __ _ _
?[0m?[0;34m /\\ / ___'_ __ _ _(_)_ __  __ _ \ \ \ \
?[0m?[0;34m( ( )\___ | '_ | '_| | '_ \/ _` | \ \ \ \
?[0m?[0;34m \\/  ___)| |_)| | | | | || (_| |  ) ) ) )
?[0m?[0;34m  '  |____| .__|_| |_|_| |_\__, | / / / /
?[0m?[0;34m =========|_|==============|___/=/_/_/_/
?[0m?[0;34m :: Spring Boot ::                (v2.5.6)
?[0m?[0;34m
?[0m?[0;34m2023-04-15 00:49:49.772  INFO 13508 --- [    Test worker] platform.CodeSharingPlatform             : Starting CodeSharingPlatform using Java 17.0.5 on MSI with PID 13508 (started by konra in D:\Repos\Code Sharing Platform\Code Sharing Platform\task)
?[0m?[0;34m2023-04-15 00:49:49.777  INFO 13508 --- [    Test worker] platform.CodeSharingPlatform             : No active profile set, falling back to default profiles: default
?[0m?[0;34m2023-04-15 00:49:51.110  INFO 13508 --- [    Test worker] .s.d.r.c.RepositoryConfigurationDelegate : Bootstrapping Spring Data JPA repositories in DEFAULT mode.
?[0m?[0;34m2023-04-15 00:49:51.177  INFO 13508 --- [    Test worker] .s.d.r.c.RepositoryConfigurationDelegate : Finished Spring Data repository scanning in 54 ms. Found 1 JPA repository interfaces.
?[0m?[0;34m2023-04-15 00:49:52.068  INFO 13508 --- [    Test worker] o.s.b.w.embedded.tomcat.TomcatWebServer  : Tomcat initialized with port(s): 8889 (http)
?[0m?[0;34m2023-04-15 00:49:52.084  INFO 13508 --- [    Test worker] o.apache.catalina.core.StandardService   : Starting service [Tomcat]
?[0m?[0;34m2023-04-15 00:49:52.084  INFO 13508 --- [    Test worker] org.apache.catalina.core.StandardEngine  : Starting Servlet engine: [Apache Tomcat/9.0.54]
?[0m?[0;34m2023-04-15 00:49:52.280  INFO 13508 --- [    Test worker] o.a.c.c.C.[Tomcat].[localhost].[/]       : Initializing Spring embedded WebApplicationContext
?[0m?[0;34m2023-04-15 00:49:52.281  INFO 13508 --- [    Test worker] w.s.c.ServletWebServerApplicationContext : Root WebApplicationContext: initialization completed in 2402 ms
?[0m?[0;34m2023-04-15 00:49:52.864  INFO 13508 --- [    Test worker] o.hibernate.jpa.internal.util.LogHelper  : HHH000204: Processing PersistenceUnitInfo [name: default]
?[0m?[0;34m2023-04-15 00:49:53.008  INFO 13508 --- [    Test worker] org.hibernate.Version                    : HHH000412: Hibernate ORM core version 5.4.32.Final
?[0m?[0;34m2023-04-15 00:49:53.279  INFO 13508 --- [    Test worker] o.hibernate.annotations.common.Version   : HCANN000001: Hibernate Commons Annotations {5.1.2.Final}
?[0m?[0;34m2023-04-15 00:49:53.458  INFO 13508 --- [    Test worker] com.zaxxer.hikari.HikariDataSource       : HikariPool-1 - Starting...
?[0m?[0;34m2023-04-15 00:49:53.801  INFO 13508 --- [    Test worker] com.zaxxer.hikari.HikariDataSource       : HikariPool-1 - Start completed.
?[0m?[0;34m2023-04-15 00:49:53.837  INFO 13508 --- [    Test worker] org.hibernate.dialect.Dialect            : HHH000400: Using dialect: org.hibernate.dialect.PostgreSQLDialect
?[0m?[0;34mHibernate: 
?[0m?[0;34m    
?[0m?[0;34m    create table code.code (
?[0m?[0;34m       id uuid not null,
?[0m?[0;34m        content varchar(255),
?[0m?[0;34m        date_to_hide timestamp,
?[0m?[0;34m        is_hide boolean not null,
?[0m?[0;34m        is_time_restriction boolean not null,
?[0m?[0;34m        is_views_restriction boolean not null,
?[0m?[0;34m        last_update timestamp,
?[0m?[0;34m        time_restriction int8 not null,
?[0m?[0;34m        views_restriction int4 not null,
?[0m?[0;34m        primary key (id)
?[0m?[0;34m    )
?[0m?[0;34m2023-04-15 00:49:54.971  INFO 13508 --- [    Test worker] o.h.e.t.j.p.i.JtaPlatformInitiator       : HHH000490: Using JtaPlatform implementation: [org.hibernate.engine.transaction.jta.platform.internal.NoJtaPlatform]
?[0m?[0;34m2023-04-15 00:49:54.985  INFO 13508 --- [    Test worker] j.LocalContainerEntityManagerFactoryBean : Initialized JPA EntityManagerFactory for persistence unit 'default'
?[0m?[0;34m2023-04-15 00:49:55.608  WARN 13508 --- [    Test worker] JpaBaseConfiguration$JpaWebConfiguration : spring.jpa.open-in-view is enabled by default. Therefore, database queries may be performed during view rendering. Explicitly configure spring.jpa.open-in-view to disable this warning
?[0m?[0;34m2023-04-15 00:49:56.469  INFO 13508 --- [    Test worker] o.s.b.a.e.web.EndpointLinksResolver      : Exposing 1 endpoint(s) beneath base path '/actuator'
?[0m?[0;34m2023-04-15 00:49:56.516  INFO 13508 --- [    Test worker] o.s.b.w.embedded.tomcat.TomcatWebServer  : Tomcat started on port(s): 8889 (http) with context path ''
?[0m?[0;34m2023-04-15 00:49:56.536  INFO 13508 --- [    Test worker] platform.CodeSharingPlatform             : Started CodeSharingPlatform in 7.404 seconds (JVM running for 8.614)
?[0;34m2023-04-15 00:49:56.976  INFO 13508 --- [nio-8889-exec-1] o.a.c.c.C.[Tomcat].[localhost].[/]       : Initializing Spring DispatcherServlet 'dispatcherServlet'
?[0m?[0;34m2023-04-15 00:49:56.977  INFO 13508 --- [nio-8889-exec-1] o.s.web.servlet.DispatcherServlet        : Initializing Servlet 'dispatcherServlet'
?[0m?[0;34m2023-04-15 00:49:56.979  INFO 13508 --- [nio-8889-exec-1] o.s.web.servlet.DispatcherServlet        : Completed initialization in 2 ms
?[0m?[1;31m
Start test 2?[0m
?[0;34mHibernate: 
?[0m?[0;34m    insert 
?[0m?[0;34m    into
?[0m?[0;34m        code.code
?[0m?[0;34m        (content, date_to_hide, is_hide, is_time_restriction, is_views_restriction, last_update, time_restriction, views_restriction, id) 
?[0m?[0;34m    values
?[0m?[0;34m        (?, ?, ?, ?, ?, ?, ?, ?, ?)
?[1;31m
Start test 3?[0m
?[0;34mHibernate: 
?[0m?[0;34m    select
?[0m?[0;34m        code0_.id as id1_0_,
?[0m?[0;34m        code0_.content as content2_0_,
?[0m?[0;34m        code0_.date_to_hide as date_to_3_0_,
?[0m?[0;34m        code0_.is_hide as is_hide4_0_,
?[0m?[0;34m        code0_.is_time_restriction as is_time_5_0_,
?[0m?[0;34m        code0_.is_views_restriction as is_views6_0_,
?[0m?[0;34m        code0_.last_update as last_upd7_0_,
?[0m?[0;34m        code0_.time_restriction as time_res8_0_,
?[0m?[0;34m        code0_.views_restriction as views_re9_0_ 
?[0m?[0;34m    from
?[0m?[0;34m        code.code code0_ 
?[0m?[0;34m    where
?[0m?[0;34m        code0_.id=?
?[1;31m
Start test 4?[0m
?[0;34mHibernate: 
?[0m?[0;34m    select
?[0m?[0;34m        code0_.id as id1_0_,
?[0m?[0;34m        code0_.content as content2_0_,
?[0m?[0;34m        code0_.date_to_hide as date_to_3_0_,
?[0m?[0;34m        code0_.is_hide as is_hide4_0_,
?[0m?[0;34m        code0_.is_time_restriction as is_time_5_0_,
?[0m?[0;34m        code0_.is_views_restriction as is_views6_0_,
?[0m?[0;34m        code0_.last_update as last_upd7_0_,
?[0m?[0;34m        code0_.time_restriction as time_res8_0_,
?[0m?[0;34m        code0_.views_restriction as views_re9_0_ 
?[0m?[0;34m    from
?[0m?[0;34m        code.code code0_ 
?[0m?[0;34m    where
?[0m?[0;34m        code0_.id=?
?[0m?[0;34mHibernate: 
?[0m?[0;34m    select
?[0m?[0;34m        code0_.id as id1_0_,
?[0m?[0;34m        code0_.content as content2_0_,
?[0m?[0;34m        code0_.date_to_hide as date_to_3_0_,
?[0m?[0;34m        code0_.is_hide as is_hide4_0_,
?[0m?[0;34m        code0_.is_time_restriction as is_time_5_0_,
?[0m?[0;34m        code0_.is_views_restriction as is_views6_0_,
?[0m?[0;34m        code0_.last_update as last_upd7_0_,
?[0m?[0;34m        code0_.time_restriction as time_res8_0_,
?[0m?[0;34m        code0_.views_restriction as views_re9_0_ 
?[0m?[0;34m    from
?[0m?[0;34m        code.code code0_ 
?[0m?[0;34m    where
?[0m?[0;34m        code0_.id=?
?[1;31m
Start test 5?[0m
?[0;34mHibernate: 
?[0m?[0;34m    SELECT
?[0m?[0;34m        * 
?[0m?[0;34m    FROM
?[0m?[0;34m        code.code 
?[0m?[0;34m    WHERE
?[0m?[0;34m        is_time_restriction = false 
?[0m?[0;34m        and is_views_restriction = false 
?[0m?[0;34m    ORDER BY
?[0m?[0;34m        last_update DESC LIMIT 10
?[1;31m
Start test 6?[0m
?[0;34mHibernate: 
?[0m?[0;34m    SELECT
?[0m?[0;34m        * 
?[0m?[0;34m    FROM
?[0m?[0;34m        code.code 
?[0m?[0;34m    WHERE
?[0m?[0;34m        is_time_restriction = false 
?[0m?[0;34m        and is_views_restriction = false 
?[0m?[0;34m    ORDER BY
?[0m?[0;34m        last_update DESC LIMIT 10
?[1;31m
Start test 7?[0m
?[0;34mHibernate: 
?[0m?[0;34m    insert 
?[0m?[0;34m    into
?[0m?[0;34m        code.code
?[0m?[0;34m        (content, date_to_hide, is_hide, is_time_restriction, is_views_restriction, last_update, time_restriction, views_restriction, id) 
?[0m?[0;34m    values
?[0m?[0;34m        (?, ?, ?, ?, ?, ?, ?, ?, ?)
?[1;31m
Start test 8?[0m
?[0;34mHibernate: 
?[0m?[0;34m    select
?[0m?[0;34m        code0_.id as id1_0_,
?[0m?[0;34m        code0_.content as content2_0_,
?[0m?[0;34m        code0_.date_to_hide as date_to_3_0_,
?[0m?[0;34m        code0_.is_hide as is_hide4_0_,
?[0m?[0;34m        code0_.is_time_restriction as is_time_5_0_,
?[0m?[0;34m        code0_.is_views_restriction as is_views6_0_,
?[0m?[0;34m        code0_.last_update as last_upd7_0_,
?[0m?[0;34m        code0_.time_restriction as time_res8_0_,
?[0m?[0;34m        code0_.views_restriction as views_re9_0_ 
?[0m?[0;34m    from
?[0m?[0;34m        code.code code0_ 
?[0m?[0;34m    where
?[0m?[0;34m        code0_.id=?
?[1;31m
Start test 9?[0m
?[0;34mHibernate: 
?[0m?[0;34m    select
?[0m?[0;34m        code0_.id as id1_0_,
?[0m?[0;34m        code0_.content as content2_0_,
?[0m?[0;34m        code0_.date_to_hide as date_to_3_0_,
?[0m?[0;34m        code0_.is_hide as is_hide4_0_,
?[0m?[0;34m        code0_.is_time_restriction as is_time_5_0_,
?[0m?[0;34m        code0_.is_views_restriction as is_views6_0_,
?[0m?[0;34m        code0_.last_update as last_upd7_0_,
?[0m?[0;34m        code0_.time_restriction as time_res8_0_,
?[0m?[0;34m        code0_.views_restriction as views_re9_0_ 
?[0m?[0;34m    from
?[0m?[0;34m        code.code code0_ 
?[0m?[0;34m    where
?[0m?[0;34m        code0_.id=?
?[0m?[0;34mHibernate: 
?[0m?[0;34m    select
?[0m?[0;34m        code0_.id as id1_0_,
?[0m?[0;34m        code0_.content as content2_0_,
?[0m?[0;34m        code0_.date_to_hide as date_to_3_0_,
?[0m?[0;34m        code0_.is_hide as is_hide4_0_,
?[0m?[0;34m        code0_.is_time_restriction as is_time_5_0_,
?[0m?[0;34m        code0_.is_views_restriction as is_views6_0_,
?[0m?[0;34m        code0_.last_update as last_upd7_0_,
?[0m?[0;34m        code0_.time_restriction as time_res8_0_,
?[0m?[0;34m        code0_.views_restriction as views_re9_0_ 
?[0m?[0;34m    from
?[0m?[0;34m        code.code code0_ 
?[0m?[0;34m    where
?[0m?[0;34m        code0_.id=?
?[1;31m
Start test 10?[0m
?[0m?[0;34mHibernate: 
?[0m?[0;34m    select
?[0m?[0;34m        code0_.id as id1_0_,
?[0m?[0;34m        code0_.content as content2_0_,
?[0m?[0;34m        code0_.date_to_hide as date_to_3_0_,
?[0m?[0;34m        code0_.is_hide as is_hide4_0_,
?[0m?[0;34m        code0_.is_time_restriction as is_time_5_0_,
?[0m?[0;34m        code0_.is_views_restriction as is_views6_0_,
?[0m?[0;34m        code0_.last_update as last_upd7_0_,
?[0m?[0;34m        code0_.time_restriction as time_res8_0_,
?[0m?[0;34m        code0_.views_restriction as views_re9_0_ 
?[0m?[0;34m    from
?[0m?[0;34m        code.code code0_ 
?[0m?[0;34m    where
?[0m?[0;34m        code0_.id=?
?[1;31m
Start test 11?[0m
?[0;34mHibernate: 
?[0m?[0;34m    select
?[0m?[0;34m        code0_.id as id1_0_,
?[0m?[0;34m        code0_.content as content2_0_,
?[0m?[0;34m        code0_.date_to_hide as date_to_3_0_,
?[0m?[0;34m        code0_.is_hide as is_hide4_0_,
?[0m?[0;34m        code0_.is_time_restriction as is_time_5_0_,
?[0m?[0;34m        code0_.is_views_restriction as is_views6_0_,
?[0m?[0;34m        code0_.last_update as last_upd7_0_,
?[0m?[0;34m        code0_.time_restriction as time_res8_0_,
?[0m?[0;34m        code0_.views_restriction as views_re9_0_ 
?[0m?[0;34m    from
?[0m?[0;34m        code.code code0_ 
?[0m?[0;34m    where
?[0m?[0;34m        code0_.id=?
?[0m?[0;34mHibernate: 
?[0m?[0;34m    select
?[0m?[0;34m        code0_.id as id1_0_,
?[0m?[0;34m        code0_.content as content2_0_,
?[0m?[0;34m        code0_.date_to_hide as date_to_3_0_,
?[0m?[0;34m        code0_.is_hide as is_hide4_0_,
?[0m?[0;34m        code0_.is_time_restriction as is_time_5_0_,
?[0m?[0;34m        code0_.is_views_restriction as is_views6_0_,
?[0m?[0;34m        code0_.last_update as last_upd7_0_,
?[0m?[0;34m        code0_.time_restriction as time_res8_0_,
?[0m?[0;34m        code0_.views_restriction as views_re9_0_ 
?[0m?[0;34m    from
?[0m?[0;34m        code.code code0_ 
?[0m?[0;34m    where
?[0m?[0;34m        code0_.id=?
?[1;31m
Start test 12?[0m
?[0m?[0;34mHibernate: 
?[0m?[0;34m    SELECT
?[0m?[0;34m        * 
?[0m?[0;34m    FROM
?[0m?[0;34m        code.code 
?[0m?[0;34m    WHERE
?[0m?[0;34m        is_time_restriction = false 
?[0m?[0;34m        and is_views_restriction = false 
?[0m?[0;34m    ORDER BY
?[0m?[0;34m        last_update DESC LIMIT 10
?[1;31m
Start test 13?[0m
?[0m?[0;34mHibernate: 
?[0m?[0;34m    SELECT
?[0m?[0;34m        * 
?[0m?[0;34m    FROM
?[0m?[0;34m        code.code 
?[0m?[0;34m    WHERE
?[0m?[0;34m        is_time_restriction = false 
?[0m?[0;34m        and is_views_restriction = false 
?[0m?[0;34m    ORDER BY
?[0m?[0;34m        last_update DESC LIMIT 10
?[1;31m
Start test 14?[0m
?[0m?[0;34mHibernate: 
?[0m?[0;34m    insert 
?[0m?[0;34m    into
?[0m?[0;34m        code.code
?[0m?[0;34m        (content, date_to_hide, is_hide, is_time_restriction, is_views_restriction, last_update, time_restriction, views_restriction, id) 
?[0m?[0;34m    values
?[0m?[0;34m        (?, ?, ?, ?, ?, ?, ?, ?, ?)
?[1;31m
Start test 15?[0m
?[0m?[0;34mHibernate: 
?[0m?[0;34m    insert 
?[0m?[0;34m    into
?[0m?[0;34m        code.code
?[0m?[0;34m        (content, date_to_hide, is_hide, is_time_restriction, is_views_restriction, last_update, time_restriction, views_restriction, id) 
?[0m?[0;34m    values
?[0m?[0;34m        (?, ?, ?, ?, ?, ?, ?, ?, ?)
?[1;31m
Start test 16?[0m
?[0m?[0;34mHibernate: 
?[0m?[0;34m    insert 
?[0m?[0;34m    into
?[0m?[0;34m        code.code
?[0m?[0;34m        (content, date_to_hide, is_hide, is_time_restriction, is_views_restriction, last_update, time_restriction, views_restriction, id) 
?[0m?[0;34m    values
?[0m?[0;34m        (?, ?, ?, ?, ?, ?, ?, ?, ?)
?[1;31m
Start test 17?[0m
?[0m?[0;34mHibernate: 
?[0m?[0;34m    insert 
?[0m?[0;34m    into
?[0m?[0;34m        code.code
?[0m?[0;34m        (content, date_to_hide, is_hide, is_time_restriction, is_views_restriction, last_update, time_restriction, views_restriction, id) 
?[0m?[0;34m    values
?[0m?[0;34m        (?, ?, ?, ?, ?, ?, ?, ?, ?)
?[1;31m
Start test 18?[0m
?[0m?[0;34mHibernate: 
?[0m?[0;34m    insert 
?[0m?[0;34m    into
?[0m?[0;34m        code.code
?[0m?[0;34m        (content, date_to_hide, is_hide, is_time_restriction, is_views_restriction, last_update, time_restriction, views_restriction, id) 
?[0m?[0;34m    values
?[0m?[0;34m        (?, ?, ?, ?, ?, ?, ?, ?, ?)
?[1;31m
Start test 19?[0m
?[0m?[0;34mHibernate: 
?[0m?[0;34m    insert 
?[0m?[0;34m    into
?[0m?[0;34m        code.code
?[0m?[0;34m        (content, date_to_hide, is_hide, is_time_restriction, is_views_restriction, last_update, time_restriction, views_restriction, id) 
?[0m?[0;34m    values
?[0m?[0;34m        (?, ?, ?, ?, ?, ?, ?, ?, ?)
?[1;31m
Start test 20?[0m
?[0m?[0;34mHibernate: 
?[0m?[0;34m    insert 
?[0m?[0;34m    into
?[0m?[0;34m        code.code
?[0m?[0;34m        (content, date_to_hide, is_hide, is_time_restriction, is_views_restriction, last_update, time_restriction, views_restriction, id) 
?[0m?[0;34m    values
?[0m?[0;34m        (?, ?, ?, ?, ?, ?, ?, ?, ?)
?[1;31m
Start test 21?[0m
?[0m?[0;34mHibernate: 
?[0m?[0;34m    insert 
?[0m?[0;34m    into
?[0m?[0;34m        code.code
?[0m?[0;34m        (content, date_to_hide, is_hide, is_time_restriction, is_views_restriction, last_update, time_restriction, views_restriction, id) 
?[0m?[0;34m    values
?[0m?[0;34m        (?, ?, ?, ?, ?, ?, ?, ?, ?)
?[1;31m
Start test 22?[0m
?[0m?[0;34mHibernate: 
?[0m?[0;34m    insert 
?[0m?[0;34m    into
?[0m?[0;34m        code.code
?[0m?[0;34m        (content, date_to_hide, is_hide, is_time_restriction, is_views_restriction, last_update, time_restriction, views_restriction, id) 
?[0m?[0;34m    values
?[0m?[0;34m        (?, ?, ?, ?, ?, ?, ?, ?, ?)
?[1;31m
Start test 23?[0m
?[0m?[0;34mHibernate: 
?[0m?[0;34m    insert 
?[0m?[0;34m    into
?[0m?[0;34m        code.code
?[0m?[0;34m        (content, date_to_hide, is_hide, is_time_restriction, is_views_restriction, last_update, time_restriction, views_restriction, id) 
?[0m?[0;34m    values
?[0m?[0;34m        (?, ?, ?, ?, ?, ?, ?, ?, ?)
?[1;31m
Start test 24?[0m
?[0m?[0;34mHibernate: 
?[0m?[0;34m    insert 
?[0m?[0;34m    into
?[0m?[0;34m        code.code
?[0m?[0;34m        (content, date_to_hide, is_hide, is_time_restriction, is_views_restriction, last_update, time_restriction, views_restriction, id) 
?[0m?[0;34m    values
?[0m?[0;34m        (?, ?, ?, ?, ?, ?, ?, ?, ?)
?[1;31m
Start test 25?[0m
?[0m?[0;34mHibernate: 
?[0m?[0;34m    insert 
?[0m?[0;34m    into
?[0m?[0;34m        code.code
?[0m?[0;34m        (content, date_to_hide, is_hide, is_time_restriction, is_views_restriction, last_update, time_restriction, views_restriction, id) 
?[0m?[0;34m    values
?[0m?[0;34m        (?, ?, ?, ?, ?, ?, ?, ?, ?)
?[1;31m
Start test 26?[0m
?[0m?[0;34mHibernate: 
?[0m?[0;34m    select
?[0m?[0;34m        code0_.id as id1_0_,
?[0m?[0;34m        code0_.content as content2_0_,
?[0m?[0;34m        code0_.date_to_hide as date_to_3_0_,
?[0m?[0;34m        code0_.is_hide as is_hide4_0_,
?[0m?[0;34m        code0_.is_time_restriction as is_time_5_0_,
?[0m?[0;34m        code0_.is_views_restriction as is_views6_0_,
?[0m?[0;34m        code0_.last_update as last_upd7_0_,
?[0m?[0;34m        code0_.time_restriction as time_res8_0_,
?[0m?[0;34m        code0_.views_restriction as views_re9_0_ 
?[0m?[0;34m    from
?[0m?[0;34m        code.code code0_ 
?[0m?[0;34m    where
?[0m?[0;34m        code0_.id=?
?[1;31m
Start test 27?[0m
?[0m?[0;34mHibernate: 
?[0m?[0;34m    select
?[0m?[0;34m        code0_.id as id1_0_,
?[0m?[0;34m        code0_.content as content2_0_,
?[0m?[0;34m        code0_.date_to_hide as date_to_3_0_,
?[0m?[0;34m        code0_.is_hide as is_hide4_0_,
?[0m?[0;34m        code0_.is_time_restriction as is_time_5_0_,
?[0m?[0;34m        code0_.is_views_restriction as is_views6_0_,
?[0m?[0;34m        code0_.last_update as last_upd7_0_,
?[0m?[0;34m        code0_.time_restriction as time_res8_0_,
?[0m?[0;34m        code0_.views_restriction as views_re9_0_ 
?[0m?[0;34m    from
?[0m?[0;34m        code.code code0_ 
?[0m?[0;34m    where
?[0m?[0;34m        code0_.id=?
?[0m?[0;34mHibernate: 
?[0m?[0;34m    select
?[0m?[0;34m        code0_.id as id1_0_,
?[0m?[0;34m        code0_.content as content2_0_,
?[0m?[0;34m        code0_.date_to_hide as date_to_3_0_,
?[0m?[0;34m        code0_.is_hide as is_hide4_0_,
?[0m?[0;34m        code0_.is_time_restriction as is_time_5_0_,
?[0m?[0;34m        code0_.is_views_restriction as is_views6_0_,
?[0m?[0;34m        code0_.last_update as last_upd7_0_,
?[0m?[0;34m        code0_.time_restriction as time_res8_0_,
?[0m?[0;34m        code0_.views_restriction as views_re9_0_ 
?[0m?[0;34m    from
?[0m?[0;34m        code.code code0_ 
?[0m?[0;34m    where
?[0m?[0;34m        code0_.id=?
?[1;31m
Start test 28?[0m
?[0m?[0;34mHibernate: 
?[0m?[0;34m    select
?[0m?[0;34m        code0_.id as id1_0_,
?[0m?[0;34m        code0_.content as content2_0_,
?[0m?[0;34m        code0_.date_to_hide as date_to_3_0_,
?[0m?[0;34m        code0_.is_hide as is_hide4_0_,
?[0m?[0;34m        code0_.is_time_restriction as is_time_5_0_,
?[0m?[0;34m        code0_.is_views_restriction as is_views6_0_,
?[0m?[0;34m        code0_.last_update as last_upd7_0_,
?[0m?[0;34m        code0_.time_restriction as time_res8_0_,
?[0m?[0;34m        code0_.views_restriction as views_re9_0_ 
?[0m?[0;34m    from
?[0m?[0;34m        code.code code0_ 
?[0m?[0;34m    where
?[0m?[0;34m        code0_.id=?
?[1;31m
Start test 29?[0m
?[0m?[0;34mHibernate: 
?[0m?[0;34m    select
?[0m?[0;34m        code0_.id as id1_0_,
?[0m?[0;34m        code0_.content as content2_0_,
?[0m?[0;34m        code0_.date_to_hide as date_to_3_0_,
?[0m?[0;34m        code0_.is_hide as is_hide4_0_,
?[0m?[0;34m        code0_.is_time_restriction as is_time_5_0_,
?[0m?[0;34m        code0_.is_views_restriction as is_views6_0_,
?[0m?[0;34m        code0_.last_update as last_upd7_0_,
?[0m?[0;34m        code0_.time_restriction as time_res8_0_,
?[0m?[0;34m        code0_.views_restriction as views_re9_0_ 
?[0m?[0;34m    from
?[0m?[0;34m        code.code code0_ 
?[0m?[0;34m    where
?[0m?[0;34m        code0_.id=?
?[0m?[0;34mHibernate: 
?[0m?[0;34m    select
?[0m?[0;34m        code0_.id as id1_0_,
?[0m?[0;34m        code0_.content as content2_0_,
?[0m?[0;34m        code0_.date_to_hide as date_to_3_0_,
?[0m?[0;34m        code0_.is_hide as is_hide4_0_,
?[0m?[0;34m        code0_.is_time_restriction as is_time_5_0_,
?[0m?[0;34m        code0_.is_views_restriction as is_views6_0_,
?[0m?[0;34m        code0_.last_update as last_upd7_0_,
?[0m?[0;34m        code0_.time_restriction as time_res8_0_,
?[0m?[0;34m        code0_.views_restriction as views_re9_0_ 
?[0m?[0;34m    from
?[0m?[0;34m        code.code code0_ 
?[0m?[0;34m    where
?[0m?[0;34m        code0_.id=?
?[1;31m
Start test 30?[0m
?[0m?[0;34mHibernate: 
?[0m?[0;34m    select
?[0m?[0;34m        code0_.id as id1_0_,
?[0m?[0;34m        code0_.content as content2_0_,
?[0m?[0;34m        code0_.date_to_hide as date_to_3_0_,
?[0m?[0;34m        code0_.is_hide as is_hide4_0_,
?[0m?[0;34m        code0_.is_time_restriction as is_time_5_0_,
?[0m?[0;34m        code0_.is_views_restriction as is_views6_0_,
?[0m?[0;34m        code0_.last_update as last_upd7_0_,
?[0m?[0;34m        code0_.time_restriction as time_res8_0_,
?[0m?[0;34m        code0_.views_restriction as views_re9_0_ 
?[0m?[0;34m    from
?[0m?[0;34m        code.code code0_ 
?[0m?[0;34m    where
?[0m?[0;34m        code0_.id=?
?[1;31m
Start test 31?[0m
?[0m?[0;34mHibernate: 
?[0m?[0;34m    select
?[0m?[0;34m        code0_.id as id1_0_,
?[0m?[0;34m        code0_.content as content2_0_,
?[0m?[0;34m        code0_.date_to_hide as date_to_3_0_,
?[0m?[0;34m        code0_.is_hide as is_hide4_0_,
?[0m?[0;34m        code0_.is_time_restriction as is_time_5_0_,
?[0m?[0;34m        code0_.is_views_restriction as is_views6_0_,
?[0m?[0;34m        code0_.last_update as last_upd7_0_,
?[0m?[0;34m        code0_.time_restriction as time_res8_0_,
?[0m?[0;34m        code0_.views_restriction as views_re9_0_ 
?[0m?[0;34m    from
?[0m?[0;34m        code.code code0_ 
?[0m?[0;34m    where
?[0m?[0;34m        code0_.id=?
?[0m?[0;34mHibernate: 
?[0m?[0;34m    select
?[0m?[0;34m        code0_.id as id1_0_,
?[0m?[0;34m        code0_.content as content2_0_,
?[0m?[0;34m        code0_.date_to_hide as date_to_3_0_,
?[0m?[0;34m        code0_.is_hide as is_hide4_0_,
?[0m?[0;34m        code0_.is_time_restriction as is_time_5_0_,
?[0m?[0;34m        code0_.is_views_restriction as is_views6_0_,
?[0m?[0;34m        code0_.last_update as last_upd7_0_,
?[0m?[0;34m        code0_.time_restriction as time_res8_0_,
?[0m?[0;34m        code0_.views_restriction as views_re9_0_ 
?[0m?[0;34m    from
?[0m?[0;34m        code.code code0_ 
?[0m?[0;34m    where
?[0m?[0;34m        code0_.id=?
?[1;31m
Start test 32?[0m
?[0m?[0;34mHibernate: 
?[0m?[0;34m    select
?[0m?[0;34m        code0_.id as id1_0_,
?[0m?[0;34m        code0_.content as content2_0_,
?[0m?[0;34m        code0_.date_to_hide as date_to_3_0_,
?[0m?[0;34m        code0_.is_hide as is_hide4_0_,
?[0m?[0;34m        code0_.is_time_restriction as is_time_5_0_,
?[0m?[0;34m        code0_.is_views_restriction as is_views6_0_,
?[0m?[0;34m        code0_.last_update as last_upd7_0_,
?[0m?[0;34m        code0_.time_restriction as time_res8_0_,
?[0m?[0;34m        code0_.views_restriction as views_re9_0_ 
?[0m?[0;34m    from
?[0m?[0;34m        code.code code0_ 
?[0m?[0;34m    where
?[0m?[0;34m        code0_.id=?
?[1;31m
Start test 33?[0m
?[0m?[0;34mHibernate: 
?[0m?[0;34m    select
?[0m?[0;34m        code0_.id as id1_0_,
?[0m?[0;34m        code0_.content as content2_0_,
?[0m?[0;34m        code0_.date_to_hide as date_to_3_0_,
?[0m?[0;34m        code0_.is_hide as is_hide4_0_,
?[0m?[0;34m        code0_.is_time_restriction as is_time_5_0_,
?[0m?[0;34m        code0_.is_views_restriction as is_views6_0_,
?[0m?[0;34m        code0_.last_update as last_upd7_0_,
?[0m?[0;34m        code0_.time_restriction as time_res8_0_,
?[0m?[0;34m        code0_.views_restriction as views_re9_0_ 
?[0m?[0;34m    from
?[0m?[0;34m        code.code code0_ 
?[0m?[0;34m    where
?[0m?[0;34m        code0_.id=?
?[0m?[0;34mHibernate: 
?[0m?[0;34m    select
?[0m?[0;34m        code0_.id as id1_0_,
?[0m?[0;34m        code0_.content as content2_0_,
?[0m?[0;34m        code0_.date_to_hide as date_to_3_0_,
?[0m?[0;34m        code0_.is_hide as is_hide4_0_,
?[0m?[0;34m        code0_.is_time_restriction as is_time_5_0_,
?[0m?[0;34m        code0_.is_views_restriction as is_views6_0_,
?[0m?[0;34m        code0_.last_update as last_upd7_0_,
?[0m?[0;34m        code0_.time_restriction as time_res8_0_,
?[0m?[0;34m        code0_.views_restriction as views_re9_0_ 
?[0m?[0;34m    from
?[0m?[0;34m        code.code code0_ 
?[0m?[0;34m    where
?[0m?[0;34m        code0_.id=?
?[1;31m
Start test 34?[0m
?[0m?[0;34mHibernate: 
?[0m?[0;34m    select
?[0m?[0;34m        code0_.id as id1_0_,
?[0m?[0;34m        code0_.content as content2_0_,
?[0m?[0;34m        code0_.date_to_hide as date_to_3_0_,
?[0m?[0;34m        code0_.is_hide as is_hide4_0_,
?[0m?[0;34m        code0_.is_time_restriction as is_time_5_0_,
?[0m?[0;34m        code0_.is_views_restriction as is_views6_0_,
?[0m?[0;34m        code0_.last_update as last_upd7_0_,
?[0m?[0;34m        code0_.time_restriction as time_res8_0_,
?[0m?[0;34m        code0_.views_restriction as views_re9_0_ 
?[0m?[0;34m    from
?[0m?[0;34m        code.code code0_ 
?[0m?[0;34m    where
?[0m?[0;34m        code0_.id=?
?[1;31m
Start test 35?[0m
?[0m?[0;34mHibernate: 
?[0m?[0;34m    select
?[0m?[0;34m        code0_.id as id1_0_,
?[0m?[0;34m        code0_.content as content2_0_,
?[0m?[0;34m        code0_.date_to_hide as date_to_3_0_,
?[0m?[0;34m        code0_.is_hide as is_hide4_0_,
?[0m?[0;34m        code0_.is_time_restriction as is_time_5_0_,
?[0m?[0;34m        code0_.is_views_restriction as is_views6_0_,
?[0m?[0;34m        code0_.last_update as last_upd7_0_,
?[0m?[0;34m        code0_.time_restriction as time_res8_0_,
?[0m?[0;34m        code0_.views_restriction as views_re9_0_ 
?[0m?[0;34m    from
?[0m?[0;34m        code.code code0_ 
?[0m?[0;34m    where
?[0m?[0;34m        code0_.id=?
?[0m?[0;34mHibernate: 
?[0m?[0;34m    select
?[0m?[0;34m        code0_.id as id1_0_,
?[0m?[0;34m        code0_.content as content2_0_,
?[0m?[0;34m        code0_.date_to_hide as date_to_3_0_,
?[0m?[0;34m        code0_.is_hide as is_hide4_0_,
?[0m?[0;34m        code0_.is_time_restriction as is_time_5_0_,
?[0m?[0;34m        code0_.is_views_restriction as is_views6_0_,
?[0m?[0;34m        code0_.last_update as last_upd7_0_,
?[0m?[0;34m        code0_.time_restriction as time_res8_0_,
?[0m?[0;34m        code0_.views_restriction as views_re9_0_ 
?[0m?[0;34m    from
?[0m?[0;34m        code.code code0_ 
?[0m?[0;34m    where
?[0m?[0;34m        code0_.id=?
?[1;31m
Start test 36?[0m
?[0m?[0;34mHibernate: 
?[0m?[0;34m    select
?[0m?[0;34m        code0_.id as id1_0_,
?[0m?[0;34m        code0_.content as content2_0_,
?[0m?[0;34m        code0_.date_to_hide as date_to_3_0_,
?[0m?[0;34m        code0_.is_hide as is_hide4_0_,
?[0m?[0;34m        code0_.is_time_restriction as is_time_5_0_,
?[0m?[0;34m        code0_.is_views_restriction as is_views6_0_,
?[0m?[0;34m        code0_.last_update as last_upd7_0_,
?[0m?[0;34m        code0_.time_restriction as time_res8_0_,
?[0m?[0;34m        code0_.views_restriction as views_re9_0_ 
?[0m?[0;34m    from
?[0m?[0;34m        code.code code0_ 
?[0m?[0;34m    where
?[0m?[0;34m        code0_.id=?
?[1;31m
Start test 37?[0m
?[0m?[0;34mHibernate: 
?[0m?[0;34m    select
?[0m?[0;34m        code0_.id as id1_0_,
?[0m?[0;34m        code0_.content as content2_0_,
?[0m?[0;34m        code0_.date_to_hide as date_to_3_0_,
?[0m?[0;34m        code0_.is_hide as is_hide4_0_,
?[0m?[0;34m        code0_.is_time_restriction as is_time_5_0_,
?[0m?[0;34m        code0_.is_views_restriction as is_views6_0_,
?[0m?[0;34m        code0_.last_update as last_upd7_0_,
?[0m?[0;34m        code0_.time_restriction as time_res8_0_,
?[0m?[0;34m        code0_.views_restriction as views_re9_0_ 
?[0m?[0;34m    from
?[0m?[0;34m        code.code code0_ 
?[0m?[0;34m    where
?[0m?[0;34m        code0_.id=?
?[0m?[0;34mHibernate: 
?[0m?[0;34m    select
?[0m?[0;34m        code0_.id as id1_0_,
?[0m?[0;34m        code0_.content as content2_0_,
?[0m?[0;34m        code0_.date_to_hide as date_to_3_0_,
?[0m?[0;34m        code0_.is_hide as is_hide4_0_,
?[0m?[0;34m        code0_.is_time_restriction as is_time_5_0_,
?[0m?[0;34m        code0_.is_views_restriction as is_views6_0_,
?[0m?[0;34m        code0_.last_update as last_upd7_0_,
?[0m?[0;34m        code0_.time_restriction as time_res8_0_,
?[0m?[0;34m        code0_.views_restriction as views_re9_0_ 
?[0m?[0;34m    from
?[0m?[0;34m        code.code code0_ 
?[0m?[0;34m    where
?[0m?[0;34m        code0_.id=?
?[1;31m
Start test 38?[0m
?[0m?[0;34mHibernate: 
?[0m?[0;34m    select
?[0m?[0;34m        code0_.id as id1_0_,
?[0m?[0;34m        code0_.content as content2_0_,
?[0m?[0;34m        code0_.date_to_hide as date_to_3_0_,
?[0m?[0;34m        code0_.is_hide as is_hide4_0_,
?[0m?[0;34m        code0_.is_time_restriction as is_time_5_0_,
?[0m?[0;34m        code0_.is_views_restriction as is_views6_0_,
?[0m?[0;34m        code0_.last_update as last_upd7_0_,
?[0m?[0;34m        code0_.time_restriction as time_res8_0_,
?[0m?[0;34m        code0_.views_restriction as views_re9_0_ 
?[0m?[0;34m    from
?[0m?[0;34m        code.code code0_ 
?[0m?[0;34m    where
?[0m?[0;34m        code0_.id=?
?[1;31m
Start test 39?[0m
?[0m?[0;34mHibernate: 
?[0m?[0;34m    select
?[0m?[0;34m        code0_.id as id1_0_,
?[0m?[0;34m        code0_.content as content2_0_,
?[0m?[0;34m        code0_.date_to_hide as date_to_3_0_,
?[0m?[0;34m        code0_.is_hide as is_hide4_0_,
?[0m?[0;34m        code0_.is_time_restriction as is_time_5_0_,
?[0m?[0;34m        code0_.is_views_restriction as is_views6_0_,
?[0m?[0;34m        code0_.last_update as last_upd7_0_,
?[0m?[0;34m        code0_.time_restriction as time_res8_0_,
?[0m?[0;34m        code0_.views_restriction as views_re9_0_ 
?[0m?[0;34m    from
?[0m?[0;34m        code.code code0_ 
?[0m?[0;34m    where
?[0m?[0;34m        code0_.id=?
?[0m?[0;34mHibernate: 
?[0m?[0;34m    select
?[0m?[0;34m        code0_.id as id1_0_,
?[0m?[0;34m        code0_.content as content2_0_,
?[0m?[0;34m        code0_.date_to_hide as date_to_3_0_,
?[0m?[0;34m        code0_.is_hide as is_hide4_0_,
?[0m?[0;34m        code0_.is_time_restriction as is_time_5_0_,
?[0m?[0;34m        code0_.is_views_restriction as is_views6_0_,
?[0m?[0;34m        code0_.last_update as last_upd7_0_,
?[0m?[0;34m        code0_.time_restriction as time_res8_0_,
?[0m?[0;34m        code0_.views_restriction as views_re9_0_ 
?[0m?[0;34m    from
?[0m?[0;34m        code.code code0_ 
?[0m?[0;34m    where
?[0m?[0;34m        code0_.id=?
?[1;31m
Start test 40?[0m
?[0m?[0;34mHibernate: 
?[0m?[0;34m    select
?[0m?[0;34m        code0_.id as id1_0_,
?[0m?[0;34m        code0_.content as content2_0_,
?[0m?[0;34m        code0_.date_to_hide as date_to_3_0_,
?[0m?[0;34m        code0_.is_hide as is_hide4_0_,
?[0m?[0;34m        code0_.is_time_restriction as is_time_5_0_,
?[0m?[0;34m        code0_.is_views_restriction as is_views6_0_,
?[0m?[0;34m        code0_.last_update as last_upd7_0_,
?[0m?[0;34m        code0_.time_restriction as time_res8_0_,
?[0m?[0;34m        code0_.views_restriction as views_re9_0_ 
?[0m?[0;34m    from
?[0m?[0;34m        code.code code0_ 
?[0m?[0;34m    where
?[0m?[0;34m        code0_.id=?
?[1;31m
Start test 41?[0m
?[0m?[0;34mHibernate: 
?[0m?[0;34m    select
?[0m?[0;34m        code0_.id as id1_0_,
?[0m?[0;34m        code0_.content as content2_0_,
?[0m?[0;34m        code0_.date_to_hide as date_to_3_0_,
?[0m?[0;34m        code0_.is_hide as is_hide4_0_,
?[0m?[0;34m        code0_.is_time_restriction as is_time_5_0_,
?[0m?[0;34m        code0_.is_views_restriction as is_views6_0_,
?[0m?[0;34m        code0_.last_update as last_upd7_0_,
?[0m?[0;34m        code0_.time_restriction as time_res8_0_,
?[0m?[0;34m        code0_.views_restriction as views_re9_0_ 
?[0m?[0;34m    from
?[0m?[0;34m        code.code code0_ 
?[0m?[0;34m    where
?[0m?[0;34m        code0_.id=?
?[0m?[0;34mHibernate: 
?[0m?[0;34m    select
?[0m?[0;34m        code0_.id as id1_0_,
?[0m?[0;34m        code0_.content as content2_0_,
?[0m?[0;34m        code0_.date_to_hide as date_to_3_0_,
?[0m?[0;34m        code0_.is_hide as is_hide4_0_,
?[0m?[0;34m        code0_.is_time_restriction as is_time_5_0_,
?[0m?[0;34m        code0_.is_views_restriction as is_views6_0_,
?[0m?[0;34m        code0_.last_update as last_upd7_0_,
?[0m?[0;34m        code0_.time_restriction as time_res8_0_,
?[0m?[0;34m        code0_.views_restriction as views_re9_0_ 
?[0m?[0;34m    from
?[0m?[0;34m        code.code code0_ 
?[0m?[0;34m    where
?[0m?[0;34m        code0_.id=?
?[1;31m
Start test 42?[0m
?[0m?[0;34mHibernate: 
?[0m?[0;34m    select
?[0m?[0;34m        code0_.id as id1_0_,
?[0m?[0;34m        code0_.content as content2_0_,
?[0m?[0;34m        code0_.date_to_hide as date_to_3_0_,
?[0m?[0;34m        code0_.is_hide as is_hide4_0_,
?[0m?[0;34m        code0_.is_time_restriction as is_time_5_0_,
?[0m?[0;34m        code0_.is_views_restriction as is_views6_0_,
?[0m?[0;34m        code0_.last_update as last_upd7_0_,
?[0m?[0;34m        code0_.time_restriction as time_res8_0_,
?[0m?[0;34m        code0_.views_restriction as views_re9_0_ 
?[0m?[0;34m    from
?[0m?[0;34m        code.code code0_ 
?[0m?[0;34m    where
?[0m?[0;34m        code0_.id=?
?[1;31m
Start test 43?[0m
?[0m?[0;34mHibernate: 
?[0m?[0;34m    select
?[0m?[0;34m        code0_.id as id1_0_,
?[0m?[0;34m        code0_.content as content2_0_,
?[0m?[0;34m        code0_.date_to_hide as date_to_3_0_,
?[0m?[0;34m        code0_.is_hide as is_hide4_0_,
?[0m?[0;34m        code0_.is_time_restriction as is_time_5_0_,
?[0m?[0;34m        code0_.is_views_restriction as is_views6_0_,
?[0m?[0;34m        code0_.last_update as last_upd7_0_,
?[0m?[0;34m        code0_.time_restriction as time_res8_0_,
?[0m?[0;34m        code0_.views_restriction as views_re9_0_ 
?[0m?[0;34m    from
?[0m?[0;34m        code.code code0_ 
?[0m?[0;34m    where
?[0m?[0;34m        code0_.id=?
?[0m?[0;34mHibernate: 
?[0m?[0;34m    select
?[0m?[0;34m        code0_.id as id1_0_,
?[0m?[0;34m        code0_.content as content2_0_,
?[0m?[0;34m        code0_.date_to_hide as date_to_3_0_,
?[0m?[0;34m        code0_.is_hide as is_hide4_0_,
?[0m?[0;34m        code0_.is_time_restriction as is_time_5_0_,
?[0m?[0;34m        code0_.is_views_restriction as is_views6_0_,
?[0m?[0;34m        code0_.last_update as last_upd7_0_,
?[0m?[0;34m        code0_.time_restriction as time_res8_0_,
?[0m?[0;34m        code0_.views_restriction as views_re9_0_ 
?[0m?[0;34m    from
?[0m?[0;34m        code.code code0_ 
?[0m?[0;34m    where
?[0m?[0;34m        code0_.id=?
?[1;31m
Start test 44?[0m
?[0m?[0;34mHibernate: 
?[0m?[0;34m    select
?[0m?[0;34m        code0_.id as id1_0_,
?[0m?[0;34m        code0_.content as content2_0_,
?[0m?[0;34m        code0_.date_to_hide as date_to_3_0_,
?[0m?[0;34m        code0_.is_hide as is_hide4_0_,
?[0m?[0;34m        code0_.is_time_restriction as is_time_5_0_,
?[0m?[0;34m        code0_.is_views_restriction as is_views6_0_,
?[0m?[0;34m        code0_.last_update as last_upd7_0_,
?[0m?[0;34m        code0_.time_restriction as time_res8_0_,
?[0m?[0;34m        code0_.views_restriction as views_re9_0_ 
?[0m?[0;34m    from
?[0m?[0;34m        code.code code0_ 
?[0m?[0;34m    where
?[0m?[0;34m        code0_.id=?
?[1;31m
Start test 45?[0m
?[0m?[0;34mHibernate: 
?[0m?[0;34m    select
?[0m?[0;34m        code0_.id as id1_0_,
?[0m?[0;34m        code0_.content as content2_0_,
?[0m?[0;34m        code0_.date_to_hide as date_to_3_0_,
?[0m?[0;34m        code0_.is_hide as is_hide4_0_,
?[0m?[0;34m        code0_.is_time_restriction as is_time_5_0_,
?[0m?[0;34m        code0_.is_views_restriction as is_views6_0_,
?[0m?[0;34m        code0_.last_update as last_upd7_0_,
?[0m?[0;34m        code0_.time_restriction as time_res8_0_,
?[0m?[0;34m        code0_.views_restriction as views_re9_0_ 
?[0m?[0;34m    from
?[0m?[0;34m        code.code code0_ 
?[0m?[0;34m    where
?[0m?[0;34m        code0_.id=?
?[0m?[0;34mHibernate: 
?[0m?[0;34m    select
?[0m?[0;34m        code0_.id as id1_0_,
?[0m?[0;34m        code0_.content as content2_0_,
?[0m?[0;34m        code0_.date_to_hide as date_to_3_0_,
?[0m?[0;34m        code0_.is_hide as is_hide4_0_,
?[0m?[0;34m        code0_.is_time_restriction as is_time_5_0_,
?[0m?[0;34m        code0_.is_views_restriction as is_views6_0_,
?[0m?[0;34m        code0_.last_update as last_upd7_0_,
?[0m?[0;34m        code0_.time_restriction as time_res8_0_,
?[0m?[0;34m        code0_.views_restriction as views_re9_0_ 
?[0m?[0;34m    from
?[0m?[0;34m        code.code code0_ 
?[0m?[0;34m    where
?[0m?[0;34m        code0_.id=?
?[1;31m
Start test 46?[0m
?[0m?[0;34mHibernate: 
?[0m?[0;34m    select
?[0m?[0;34m        code0_.id as id1_0_,
?[0m?[0;34m        code0_.content as content2_0_,
?[0m?[0;34m        code0_.date_to_hide as date_to_3_0_,
?[0m?[0;34m        code0_.is_hide as is_hide4_0_,
?[0m?[0;34m        code0_.is_time_restriction as is_time_5_0_,
?[0m?[0;34m        code0_.is_views_restriction as is_views6_0_,
?[0m?[0;34m        code0_.last_update as last_upd7_0_,
?[0m?[0;34m        code0_.time_restriction as time_res8_0_,
?[0m?[0;34m        code0_.views_restriction as views_re9_0_ 
?[0m?[0;34m    from
?[0m?[0;34m        code.code code0_ 
?[0m?[0;34m    where
?[0m?[0;34m        code0_.id=?
?[1;31m
Start test 47?[0m
?[0m?[0;34mHibernate: 
?[0m?[0;34m    select
?[0m?[0;34m        code0_.id as id1_0_,
?[0m?[0;34m        code0_.content as content2_0_,
?[0m?[0;34m        code0_.date_to_hide as date_to_3_0_,
?[0m?[0;34m        code0_.is_hide as is_hide4_0_,
?[0m?[0;34m        code0_.is_time_restriction as is_time_5_0_,
?[0m?[0;34m        code0_.is_views_restriction as is_views6_0_,
?[0m?[0;34m        code0_.last_update as last_upd7_0_,
?[0m?[0;34m        code0_.time_restriction as time_res8_0_,
?[0m?[0;34m        code0_.views_restriction as views_re9_0_ 
?[0m?[0;34m    from
?[0m?[0;34m        code.code code0_ 
?[0m?[0;34m    where
?[0m?[0;34m        code0_.id=?
?[0m?[0;34mHibernate: 
?[0m?[0;34m    select
?[0m?[0;34m        code0_.id as id1_0_,
?[0m?[0;34m        code0_.content as content2_0_,
?[0m?[0;34m        code0_.date_to_hide as date_to_3_0_,
?[0m?[0;34m        code0_.is_hide as is_hide4_0_,
?[0m?[0;34m        code0_.is_time_restriction as is_time_5_0_,
?[0m?[0;34m        code0_.is_views_restriction as is_views6_0_,
?[0m?[0;34m        code0_.last_update as last_upd7_0_,
?[0m?[0;34m        code0_.time_restriction as time_res8_0_,
?[0m?[0;34m        code0_.views_restriction as views_re9_0_ 
?[0m?[0;34m    from
?[0m?[0;34m        code.code code0_ 
?[0m?[0;34m    where
?[0m?[0;34m        code0_.id=?
?[1;31m
Start test 48?[0m
?[0m?[0;34mHibernate: 
?[0m?[0;34m    select
?[0m?[0;34m        code0_.id as id1_0_,
?[0m?[0;34m        code0_.content as content2_0_,
?[0m?[0;34m        code0_.date_to_hide as date_to_3_0_,
?[0m?[0;34m        code0_.is_hide as is_hide4_0_,
?[0m?[0;34m        code0_.is_time_restriction as is_time_5_0_,
?[0m?[0;34m        code0_.is_views_restriction as is_views6_0_,
?[0m?[0;34m        code0_.last_update as last_upd7_0_,
?[0m?[0;34m        code0_.time_restriction as time_res8_0_,
?[0m?[0;34m        code0_.views_restriction as views_re9_0_ 
?[0m?[0;34m    from
?[0m?[0;34m        code.code code0_ 
?[0m?[0;34m    where
?[0m?[0;34m        code0_.id=?
?[1;31m
Start test 49?[0m
?[0m?[0;34mHibernate: 
?[0m?[0;34m    select
?[0m?[0;34m        code0_.id as id1_0_,
?[0m?[0;34m        code0_.content as content2_0_,
?[0m?[0;34m        code0_.date_to_hide as date_to_3_0_,
?[0m?[0;34m        code0_.is_hide as is_hide4_0_,
?[0m?[0;34m        code0_.is_time_restriction as is_time_5_0_,
?[0m?[0;34m        code0_.is_views_restriction as is_views6_0_,
?[0m?[0;34m        code0_.last_update as last_upd7_0_,
?[0m?[0;34m        code0_.time_restriction as time_res8_0_,
?[0m?[0;34m        code0_.views_restriction as views_re9_0_ 
?[0m?[0;34m    from
?[0m?[0;34m        code.code code0_ 
?[0m?[0;34m    where
?[0m?[0;34m        code0_.id=?
?[0m?[0;34mHibernate: 
?[0m?[0;34m    select
?[0m?[0;34m        code0_.id as id1_0_,
?[0m?[0;34m        code0_.content as content2_0_,
?[0m?[0;34m        code0_.date_to_hide as date_to_3_0_,
?[0m?[0;34m        code0_.is_hide as is_hide4_0_,
?[0m?[0;34m        code0_.is_time_restriction as is_time_5_0_,
?[0m?[0;34m        code0_.is_views_restriction as is_views6_0_,
?[0m?[0;34m        code0_.last_update as last_upd7_0_,
?[0m?[0;34m        code0_.time_restriction as time_res8_0_,
?[0m?[0;34m        code0_.views_restriction as views_re9_0_ 
?[0m?[0;34m    from
?[0m?[0;34m        code.code code0_ 
?[0m?[0;34m    where
?[0m?[0;34m        code0_.id=?
?[1;31m
Start test 50?[0m
?[0m?[0;34mHibernate: 
?[0m?[0;34m    select
?[0m?[0;34m        code0_.id as id1_0_,
?[0m?[0;34m        code0_.content as content2_0_,
?[0m?[0;34m        code0_.date_to_hide as date_to_3_0_,
?[0m?[0;34m        code0_.is_hide as is_hide4_0_,
?[0m?[0;34m        code0_.is_time_restriction as is_time_5_0_,
?[0m?[0;34m        code0_.is_views_restriction as is_views6_0_,
?[0m?[0;34m        code0_.last_update as last_upd7_0_,
?[0m?[0;34m        code0_.time_restriction as time_res8_0_,
?[0m?[0;34m        code0_.views_restriction as views_re9_0_ 
?[0m?[0;34m    from
?[0m?[0;34m        code.code code0_ 
?[0m?[0;34m    where
?[0m?[0;34m        code0_.id=?
?[1;31m
Start test 51?[0m
?[0m?[0;34mHibernate: 
?[0m?[0;34m    select
?[0m?[0;34m        code0_.id as id1_0_,
?[0m?[0;34m        code0_.content as content2_0_,
?[0m?[0;34m        code0_.date_to_hide as date_to_3_0_,
?[0m?[0;34m        code0_.is_hide as is_hide4_0_,
?[0m?[0;34m        code0_.is_time_restriction as is_time_5_0_,
?[0m?[0;34m        code0_.is_views_restriction as is_views6_0_,
?[0m?[0;34m        code0_.last_update as last_upd7_0_,
?[0m?[0;34m        code0_.time_restriction as time_res8_0_,
?[0m?[0;34m        code0_.views_restriction as views_re9_0_ 
?[0m?[0;34m    from
?[0m?[0;34m        code.code code0_ 
?[0m?[0;34m    where
?[0m?[0;34m        code0_.id=?
?[0m?[0;34mHibernate: 
?[0m?[0;34m    select
?[0m?[0;34m        code0_.id as id1_0_,
?[0m?[0;34m        code0_.content as content2_0_,
?[0m?[0;34m        code0_.date_to_hide as date_to_3_0_,
?[0m?[0;34m        code0_.is_hide as is_hide4_0_,
?[0m?[0;34m        code0_.is_time_restriction as is_time_5_0_,
?[0m?[0;34m        code0_.is_views_restriction as is_views6_0_,
?[0m?[0;34m        code0_.last_update as last_upd7_0_,
?[0m?[0;34m        code0_.time_restriction as time_res8_0_,
?[0m?[0;34m        code0_.views_restriction as views_re9_0_ 
?[0m?[0;34m    from
?[0m?[0;34m        code.code code0_ 
?[0m?[0;34m    where
?[0m?[0;34m        code0_.id=?
?[1;31m
Start test 52?[0m
?[0m?[0;34mHibernate: 
?[0m?[0;34m    select
?[0m?[0;34m        code0_.id as id1_0_,
?[0m?[0;34m        code0_.content as content2_0_,
?[0m?[0;34m        code0_.date_to_hide as date_to_3_0_,
?[0m?[0;34m        code0_.is_hide as is_hide4_0_,
?[0m?[0;34m        code0_.is_time_restriction as is_time_5_0_,
?[0m?[0;34m        code0_.is_views_restriction as is_views6_0_,
?[0m?[0;34m        code0_.last_update as last_upd7_0_,
?[0m?[0;34m        code0_.time_restriction as time_res8_0_,
?[0m?[0;34m        code0_.views_restriction as views_re9_0_ 
?[0m?[0;34m    from
?[0m?[0;34m        code.code code0_ 
?[0m?[0;34m    where
?[0m?[0;34m        code0_.id=?
?[1;31m
Start test 53?[0m
?[0m?[0;34mHibernate: 
?[0m?[0;34m    select
?[0m?[0;34m        code0_.id as id1_0_,
?[0m?[0;34m        code0_.content as content2_0_,
?[0m?[0;34m        code0_.date_to_hide as date_to_3_0_,
?[0m?[0;34m        code0_.is_hide as is_hide4_0_,
?[0m?[0;34m        code0_.is_time_restriction as is_time_5_0_,
?[0m?[0;34m        code0_.is_views_restriction as is_views6_0_,
?[0m?[0;34m        code0_.last_update as last_upd7_0_,
?[0m?[0;34m        code0_.time_restriction as time_res8_0_,
?[0m?[0;34m        code0_.views_restriction as views_re9_0_ 
?[0m?[0;34m    from
?[0m?[0;34m        code.code code0_ 
?[0m?[0;34m    where
?[0m?[0;34m        code0_.id=?
?[0m?[0;34mHibernate: 
?[0m?[0;34m    select
?[0m?[0;34m        code0_.id as id1_0_,
?[0m?[0;34m        code0_.content as content2_0_,
?[0m?[0;34m        code0_.date_to_hide as date_to_3_0_,
?[0m?[0;34m        code0_.is_hide as is_hide4_0_,
?[0m?[0;34m        code0_.is_time_restriction as is_time_5_0_,
?[0m?[0;34m        code0_.is_views_restriction as is_views6_0_,
?[0m?[0;34m        code0_.last_update as last_upd7_0_,
?[0m?[0;34m        code0_.time_restriction as time_res8_0_,
?[0m?[0;34m        code0_.views_restriction as views_re9_0_ 
?[0m?[0;34m    from
?[0m?[0;34m        code.code code0_ 
?[0m?[0;34m    where
?[0m?[0;34m        code0_.id=?
?[1;31m
Start test 54?[0m
?[0m?[0;34mHibernate: 
?[0m?[0;34m    SELECT
?[0m?[0;34m        * 
?[0m?[0;34m    FROM
?[0m?[0;34m        code.code 
?[0m?[0;34m    WHERE
?[0m?[0;34m        is_time_restriction = false 
?[0m?[0;34m        and is_views_restriction = false 
?[0m?[0;34m    ORDER BY
?[0m?[0;34m        last_update DESC LIMIT 10
?[1;31m
Start test 55?[0m
?[0m?[0;34mHibernate: 
?[0m?[0;34m    SELECT
?[0m?[0;34m        * 
?[0m?[0;34m    FROM
?[0m?[0;34m        code.code 
?[0m?[0;34m    WHERE
?[0m?[0;34m        is_time_restriction = false 
?[0m?[0;34m        and is_views_restriction = false 
?[0m?[0;34m    ORDER BY
?[0m?[0;34m        last_update DESC LIMIT 10
?[1;31m
Start test 56?[0m
?[0;34m2023-04-15 00:49:59.208  INFO 13508 --- [       Thread-4] j.LocalContainerEntityManagerFactoryBean : Closing JPA EntityManagerFactory for persistence unit 'default'
?[0m?[0;34m2023-04-15 00:49:59.211  INFO 13508 --- [       Thread-4] com.zaxxer.hikari.HikariDataSource       : HikariPool-1 - Shutdown initiated...
?[0m?[0;34m2023-04-15 00:49:59.215  INFO 13508 --- [       Thread-4] com.zaxxer.hikari.HikariDataSource       : HikariPool-1 - Shutdown completed.
?[0;34m
?[0m?[0;34m  .   ____          _            __ _ _
?[0m?[0;34m /\\ / ___'_ __ _ _(_)_ __  __ _ \ \ \ \
?[0m?[0;34m( ( )\___ | '_ | '_| | '_ \/ _` | \ \ \ \
?[0m?[0;34m \\/  ___)| |_)| | | | | || (_| |  ) ) ) )
?[0m?[0;34m  '  |____| .__|_| |_|_| |_\__, | / / / /
?[0m?[0;34m =========|_|==============|___/=/_/_/_/
?[0m?[0;34m :: Spring Boot ::                (v2.5.6)
?[0m?[0;34m
?[0m?[0;34m2023-04-15 00:50:09.606  INFO 13508 --- [    Test worker] platform.CodeSharingPlatform             : Starting CodeSharingPlatform using Java 17.0.5 on MSI with PID 13508 (started by konra in D:\Repos\Code Sharing Platform\Code Sharing Platform\task)
?[0m?[0;34m2023-04-15 00:50:09.606  INFO 13508 --- [    Test worker] platform.CodeSharingPlatform             : No active profile set, falling back to default profiles: default
?[0m?[0;34m2023-04-15 00:50:09.825  INFO 13508 --- [    Test worker] .s.d.r.c.RepositoryConfigurationDelegate : Bootstrapping Spring Data JPA repositories in DEFAULT mode.
?[0m?[0;34m2023-04-15 00:50:09.832  INFO 13508 --- [    Test worker] .s.d.r.c.RepositoryConfigurationDelegate : Finished Spring Data repository scanning in 7 ms. Found 1 JPA repository interfaces.
?[0m?[0;34m2023-04-15 00:50:09.916  INFO 13508 --- [    Test worker] o.s.b.w.embedded.tomcat.TomcatWebServer  : Tomcat initialized with port(s): 8889 (http)
?[0m?[0;34m2023-04-15 00:50:09.917  INFO 13508 --- [    Test worker] o.apache.catalina.core.StandardService   : Starting service [Tomcat]
?[0m?[0;34m2023-04-15 00:50:09.918  INFO 13508 --- [    Test worker] org.apache.catalina.core.StandardEngine  : Starting Servlet engine: [Apache Tomcat/9.0.54]
?[0m?[0;34m2023-04-15 00:50:09.953  INFO 13508 --- [    Test worker] o.a.c.c.C.[Tomcat].[localhost].[/]       : Initializing Spring embedded WebApplicationContext
?[0m?[0;34m2023-04-15 00:50:09.953  INFO 13508 --- [    Test worker] w.s.c.ServletWebServerApplicationContext : Root WebApplicationContext: initialization completed in 345 ms
?[0m?[0;34m2023-04-15 00:50:10.021  INFO 13508 --- [    Test worker] o.hibernate.jpa.internal.util.LogHelper  : HHH000204: Processing PersistenceUnitInfo [name: default]
?[0m?[0;34m2023-04-15 00:50:10.026  INFO 13508 --- [    Test worker] com.zaxxer.hikari.HikariDataSource       : HikariPool-2 - Starting...
?[0m?[0;34m2023-04-15 00:50:10.085  INFO 13508 --- [    Test worker] com.zaxxer.hikari.HikariDataSource       : HikariPool-2 - Start completed.
?[0m?[0;34m2023-04-15 00:50:10.085  INFO 13508 --- [    Test worker] org.hibernate.dialect.Dialect            : HHH000400: Using dialect: org.hibernate.dialect.PostgreSQLDialect
?[0m?[0;34m2023-04-15 00:50:10.154  INFO 13508 --- [    Test worker] o.h.e.t.j.p.i.JtaPlatformInitiator       : HHH000490: Using JtaPlatform implementation: [org.hibernate.engine.transaction.jta.platform.internal.NoJtaPlatform]
?[0m?[0;34m2023-04-15 00:50:10.155  INFO 13508 --- [    Test worker] j.LocalContainerEntityManagerFactoryBean : Initialized JPA EntityManagerFactory for persistence unit 'default'
?[0m?[0;34m2023-04-15 00:50:10.227  WARN 13508 --- [    Test worker] JpaBaseConfiguration$JpaWebConfiguration : spring.jpa.open-in-view is enabled by default. Therefore, database queries may be performed during view rendering. Explicitly configure spring.jpa.open-in-view to disable this warning
?[0m?[0;34m2023-04-15 00:50:10.417  INFO 13508 --- [    Test worker] o.s.b.a.e.web.EndpointLinksResolver      : Exposing 1 endpoint(s) beneath base path '/actuator'
?[0m?[0;34m2023-04-15 00:50:10.433  INFO 13508 --- [    Test worker] o.s.b.w.embedded.tomcat.TomcatWebServer  : Tomcat started on port(s): 8889 (http) with context path ''
?[0m?[0;34m2023-04-15 00:50:10.440  INFO 13508 --- [    Test worker] platform.CodeSharingPlatform             : Started CodeSharingPlatform in 0.856 seconds (JVM running for 22.518)
?[0m?[1;31m
Start test 57?[0m
?[0;34m2023-04-15 00:50:10.446  INFO 13508 --- [nio-8889-exec-1] o.a.c.c.C.[Tomcat].[localhost].[/]       : Initializing Spring DispatcherServlet 'dispatcherServlet'
?[0m?[0;34m2023-04-15 00:50:10.447  INFO 13508 --- [nio-8889-exec-1] o.s.web.servlet.DispatcherServlet        : Initializing Servlet 'dispatcherServlet'
?[0m?[0;34m2023-04-15 00:50:10.449  INFO 13508 --- [nio-8889-exec-1] o.s.web.servlet.DispatcherServlet        : Completed initialization in 2 ms
?[0m?[0;34mHibernate: 
?[0m?[0;34m    select
?[0m?[0;34m        code0_.id as id1_0_,
?[0m?[0;34m        code0_.content as content2_0_,
?[0m?[0;34m        code0_.date_to_hide as date_to_3_0_,
?[0m?[0;34m        code0_.is_hide as is_hide4_0_,
?[0m?[0;34m        code0_.is_time_restriction as is_time_5_0_,
?[0m?[0;34m        code0_.is_views_restriction as is_views6_0_,
?[0m?[0;34m        code0_.last_update as last_upd7_0_,
?[0m?[0;34m        code0_.time_restriction as time_res8_0_,
?[0m?[0;34m        code0_.views_restriction as views_re9_0_ 
?[0m?[0;34m    from
?[0m?[0;34m        code.code code0_ 
?[0m?[0;34m    where
?[0m?[0;34m        code0_.id=?
?[1;31m
Start test 58?[0m
?[0;34mHibernate: 
?[0m?[0;34m    select
?[0m?[0;34m        code0_.id as id1_0_,
?[0m?[0;34m        code0_.content as content2_0_,
?[0m?[0;34m        code0_.date_to_hide as date_to_3_0_,
?[0m?[0;34m        code0_.is_hide as is_hide4_0_,
?[0m?[0;34m        code0_.is_time_restriction as is_time_5_0_,
?[0m?[0;34m        code0_.is_views_restriction as is_views6_0_,
?[0m?[0;34m        code0_.last_update as last_upd7_0_,
?[0m?[0;34m        code0_.time_restriction as time_res8_0_,
?[0m?[0;34m        code0_.views_restriction as views_re9_0_ 
?[0m?[0;34m    from
?[0m?[0;34m        code.code code0_ 
?[0m?[0;34m    where
?[0m?[0;34m        code0_.id=?
?[0m?[0;34mHibernate: 
?[0m?[0;34m    select
?[0m?[0;34m        code0_.id as id1_0_,
?[0m?[0;34m        code0_.content as content2_0_,
?[0m?[0;34m        code0_.date_to_hide as date_to_3_0_,
?[0m?[0;34m        code0_.is_hide as is_hide4_0_,
?[0m?[0;34m        code0_.is_time_restriction as is_time_5_0_,
?[0m?[0;34m        code0_.is_views_restriction as is_views6_0_,
?[0m?[0;34m        code0_.last_update as last_upd7_0_,
?[0m?[0;34m        code0_.time_restriction as time_res8_0_,
?[0m?[0;34m        code0_.views_restriction as views_re9_0_ 
?[0m?[0;34m    from
?[0m?[0;34m        code.code code0_ 
?[0m?[0;34m    where
?[0m?[0;34m        code0_.id=?
?[1;31m
Start test 59?[0m
?[0;34mHibernate: 
?[0m?[0;34m    select
?[0m?[0;34m        code0_.id as id1_0_,
?[0m?[0;34m        code0_.content as content2_0_,
?[0m?[0;34m        code0_.date_to_hide as date_to_3_0_,
?[0m?[0;34m        code0_.is_hide as is_hide4_0_,
?[0m?[0;34m        code0_.is_time_restriction as is_time_5_0_,
?[0m?[0;34m        code0_.is_views_restriction as is_views6_0_,
?[0m?[0;34m        code0_.last_update as last_upd7_0_,
?[0m?[0;34m        code0_.time_restriction as time_res8_0_,
?[0m?[0;34m        code0_.views_restriction as views_re9_0_ 
?[0m?[0;34m    from
?[0m?[0;34m        code.code code0_ 
?[0m?[0;34m    where
?[0m?[0;34m        code0_.id=?
?[1;31m
Start test 60?[0m
?[0;34mHibernate: 
?[0m?[0;34m    select
?[0m?[0;34m        code0_.id as id1_0_,
?[0m?[0;34m        code0_.content as content2_0_,
?[0m?[0;34m        code0_.date_to_hide as date_to_3_0_,
?[0m?[0;34m        code0_.is_hide as is_hide4_0_,
?[0m?[0;34m        code0_.is_time_restriction as is_time_5_0_,
?[0m?[0;34m        code0_.is_views_restriction as is_views6_0_,
?[0m?[0;34m        code0_.last_update as last_upd7_0_,
?[0m?[0;34m        code0_.time_restriction as time_res8_0_,
?[0m?[0;34m        code0_.views_restriction as views_re9_0_ 
?[0m?[0;34m    from
?[0m?[0;34m        code.code code0_ 
?[0m?[0;34m    where
?[0m?[0;34m        code0_.id=?
?[0m?[0;34mHibernate: 
?[0m?[0;34m    select
?[0m?[0;34m        code0_.id as id1_0_,
?[0m?[0;34m        code0_.content as content2_0_,
?[0m?[0;34m        code0_.date_to_hide as date_to_3_0_,
?[0m?[0;34m        code0_.is_hide as is_hide4_0_,
?[0m?[0;34m        code0_.is_time_restriction as is_time_5_0_,
?[0m?[0;34m        code0_.is_views_restriction as is_views6_0_,
?[0m?[0;34m        code0_.last_update as last_upd7_0_,
?[0m?[0;34m        code0_.time_restriction as time_res8_0_,
?[0m?[0;34m        code0_.views_restriction as views_re9_0_ 
?[0m?[0;34m    from
?[0m?[0;34m        code.code code0_ 
?[0m?[0;34m    where
?[0m?[0;34m        code0_.id=?
?[1;31m
Start test 61?[0m
?[0;34mHibernate: 
?[0m?[0;34m    select
?[0m?[0;34m        code0_.id as id1_0_,
?[0m?[0;34m        code0_.content as content2_0_,
?[0m?[0;34m        code0_.date_to_hide as date_to_3_0_,
?[0m?[0;34m        code0_.is_hide as is_hide4_0_,
?[0m?[0;34m        code0_.is_time_restriction as is_time_5_0_,
?[0m?[0;34m        code0_.is_views_restriction as is_views6_0_,
?[0m?[0;34m        code0_.last_update as last_upd7_0_,
?[0m?[0;34m        code0_.time_restriction as time_res8_0_,
?[0m?[0;34m        code0_.views_restriction as views_re9_0_ 
?[0m?[0;34m    from
?[0m?[0;34m        code.code code0_ 
?[0m?[0;34m    where
?[0m?[0;34m        code0_.id=?
?[1;31m
Start test 62?[0m
?[0;34mHibernate: 
?[0m?[0;34m    select
?[0m?[0;34m        code0_.id as id1_0_,
?[0m?[0;34m        code0_.content as content2_0_,
?[0m?[0;34m        code0_.date_to_hide as date_to_3_0_,
?[0m?[0;34m        code0_.is_hide as is_hide4_0_,
?[0m?[0;34m        code0_.is_time_restriction as is_time_5_0_,
?[0m?[0;34m        code0_.is_views_restriction as is_views6_0_,
?[0m?[0;34m        code0_.last_update as last_upd7_0_,
?[0m?[0;34m        code0_.time_restriction as time_res8_0_,
?[0m?[0;34m        code0_.views_restriction as views_re9_0_ 
?[0m?[0;34m    from
?[0m?[0;34m        code.code code0_ 
?[0m?[0;34m    where
?[0m?[0;34m        code0_.id=?
?[0m?[0;34mHibernate: 
?[0m?[0;34m    select
?[0m?[0;34m        code0_.id as id1_0_,
?[0m?[0;34m        code0_.content as content2_0_,
?[0m?[0;34m        code0_.date_to_hide as date_to_3_0_,
?[0m?[0;34m        code0_.is_hide as is_hide4_0_,
?[0m?[0;34m        code0_.is_time_restriction as is_time_5_0_,
?[0m?[0;34m        code0_.is_views_restriction as is_views6_0_,
?[0m?[0;34m        code0_.last_update as last_upd7_0_,
?[0m?[0;34m        code0_.time_restriction as time_res8_0_,
?[0m?[0;34m        code0_.views_restriction as views_re9_0_ 
?[0m?[0;34m    from
?[0m?[0;34m        code.code code0_ 
?[0m?[0;34m    where
?[0m?[0;34m        code0_.id=?
?[1;31m
Start test 63?[0m
?[0;34mHibernate: 
?[0m?[0;34m    select
?[0m?[0;34m        code0_.id as id1_0_,
?[0m?[0;34m        code0_.content as content2_0_,
?[0m?[0;34m        code0_.date_to_hide as date_to_3_0_,
?[0m?[0;34m        code0_.is_hide as is_hide4_0_,
?[0m?[0;34m        code0_.is_time_restriction as is_time_5_0_,
?[0m?[0;34m        code0_.is_views_restriction as is_views6_0_,
?[0m?[0;34m        code0_.last_update as last_upd7_0_,
?[0m?[0;34m        code0_.time_restriction as time_res8_0_,
?[0m?[0;34m        code0_.views_restriction as views_re9_0_ 
?[0m?[0;34m    from
?[0m?[0;34m        code.code code0_ 
?[0m?[0;34m    where
?[0m?[0;34m        code0_.id=?
?[1;31m
Start test 64?[0m
?[0;34mHibernate: 
?[0m?[0;34m    select
?[0m?[0;34m        code0_.id as id1_0_,
?[0m?[0;34m        code0_.content as content2_0_,
?[0m?[0;34m        code0_.date_to_hide as date_to_3_0_,
?[0m?[0;34m        code0_.is_hide as is_hide4_0_,
?[0m?[0;34m        code0_.is_time_restriction as is_time_5_0_,
?[0m?[0;34m        code0_.is_views_restriction as is_views6_0_,
?[0m?[0;34m        code0_.last_update as last_upd7_0_,
?[0m?[0;34m        code0_.time_restriction as time_res8_0_,
?[0m?[0;34m        code0_.views_restriction as views_re9_0_ 
?[0m?[0;34m    from
?[0m?[0;34m        code.code code0_ 
?[0m?[0;34m    where
?[0m?[0;34m        code0_.id=?
?[0m?[0;34mHibernate: 
?[0m?[0;34m    select
?[0m?[0;34m        code0_.id as id1_0_,
?[0m?[0;34m        code0_.content as content2_0_,
?[0m?[0;34m        code0_.date_to_hide as date_to_3_0_,
?[0m?[0;34m        code0_.is_hide as is_hide4_0_,
?[0m?[0;34m        code0_.is_time_restriction as is_time_5_0_,
?[0m?[0;34m        code0_.is_views_restriction as is_views6_0_,
?[0m?[0;34m        code0_.last_update as last_upd7_0_,
?[0m?[0;34m        code0_.time_restriction as time_res8_0_,
?[0m?[0;34m        code0_.views_restriction as views_re9_0_ 
?[0m?[0;34m    from
?[0m?[0;34m        code.code code0_ 
?[0m?[0;34m    where
?[0m?[0;34m        code0_.id=?
?[1;31m
Start test 65?[0m
?[0;34mHibernate: 
?[0m?[0;34m    select
?[0m?[0;34m        code0_.id as id1_0_,
?[0m?[0;34m        code0_.content as content2_0_,
?[0m?[0;34m        code0_.date_to_hide as date_to_3_0_,
?[0m?[0;34m        code0_.is_hide as is_hide4_0_,
?[0m?[0;34m        code0_.is_time_restriction as is_time_5_0_,
?[0m?[0;34m        code0_.is_views_restriction as is_views6_0_,
?[0m?[0;34m        code0_.last_update as last_upd7_0_,
?[0m?[0;34m        code0_.time_restriction as time_res8_0_,
?[0m?[0;34m        code0_.views_restriction as views_re9_0_ 
?[0m?[0;34m    from
?[0m?[0;34m        code.code code0_ 
?[0m?[0;34m    where
?[0m?[0;34m        code0_.id=?
?[1;31m
Start test 66?[0m
?[0m?[0;34mHibernate: 
?[0m?[0;34m    select
?[0m?[0;34m        code0_.id as id1_0_,
?[0m?[0;34m        code0_.content as content2_0_,
?[0m?[0;34m        code0_.date_to_hide as date_to_3_0_,
?[0m?[0;34m        code0_.is_hide as is_hide4_0_,
?[0m?[0;34m        code0_.is_time_restriction as is_time_5_0_,
?[0m?[0;34m        code0_.is_views_restriction as is_views6_0_,
?[0m?[0;34m        code0_.last_update as last_upd7_0_,
?[0m?[0;34m        code0_.time_restriction as time_res8_0_,
?[0m?[0;34m        code0_.views_restriction as views_re9_0_ 
?[0m?[0;34m    from
?[0m?[0;34m        code.code code0_ 
?[0m?[0;34m    where
?[0m?[0;34m        code0_.id=?
?[0m?[0;34mHibernate: 
?[0m?[0;34m    select
?[0m?[0;34m        code0_.id as id1_0_,
?[0m?[0;34m        code0_.content as content2_0_,
?[0m?[0;34m        code0_.date_to_hide as date_to_3_0_,
?[0m?[0;34m        code0_.is_hide as is_hide4_0_,
?[0m?[0;34m        code0_.is_time_restriction as is_time_5_0_,
?[0m?[0;34m        code0_.is_views_restriction as is_views6_0_,
?[0m?[0;34m        code0_.last_update as last_upd7_0_,
?[0m?[0;34m        code0_.time_restriction as time_res8_0_,
?[0m?[0;34m        code0_.views_restriction as views_re9_0_ 
?[0m?[0;34m    from
?[0m?[0;34m        code.code code0_ 
?[0m?[0;34m    where
?[0m?[0;34m        code0_.id=?
?[1;31m
Start test 67?[0m
?[0;34mHibernate: 
?[0m?[0;34m    select
?[0m?[0;34m        code0_.id as id1_0_,
?[0m?[0;34m        code0_.content as content2_0_,
?[0m?[0;34m        code0_.date_to_hide as date_to_3_0_,
?[0m?[0;34m        code0_.is_hide as is_hide4_0_,
?[0m?[0;34m        code0_.is_time_restriction as is_time_5_0_,
?[0m?[0;34m        code0_.is_views_restriction as is_views6_0_,
?[0m?[0;34m        code0_.last_update as last_upd7_0_,
?[0m?[0;34m        code0_.time_restriction as time_res8_0_,
?[0m?[0;34m        code0_.views_restriction as views_re9_0_ 
?[0m?[0;34m    from
?[0m?[0;34m        code.code code0_ 
?[0m?[0;34m    where
?[0m?[0;34m        code0_.id=?
?[1;31m
Start test 68?[0m
?[0m?[0;34mHibernate: 
?[0m?[0;34m    select
?[0m?[0;34m        code0_.id as id1_0_,
?[0m?[0;34m        code0_.content as content2_0_,
?[0m?[0;34m        code0_.date_to_hide as date_to_3_0_,
?[0m?[0;34m        code0_.is_hide as is_hide4_0_,
?[0m?[0;34m        code0_.is_time_restriction as is_time_5_0_,
?[0m?[0;34m        code0_.is_views_restriction as is_views6_0_,
?[0m?[0;34m        code0_.last_update as last_upd7_0_,
?[0m?[0;34m        code0_.time_restriction as time_res8_0_,
?[0m?[0;34m        code0_.views_restriction as views_re9_0_ 
?[0m?[0;34m    from
?[0m?[0;34m        code.code code0_ 
?[0m?[0;34m    where
?[0m?[0;34m        code0_.id=?
?[0m?[0;34mHibernate: 
?[0m?[0;34m    select
?[0m?[0;34m        code0_.id as id1_0_,
?[0m?[0;34m        code0_.content as content2_0_,
?[0m?[0;34m        code0_.date_to_hide as date_to_3_0_,
?[0m?[0;34m        code0_.is_hide as is_hide4_0_,
?[0m?[0;34m        code0_.is_time_restriction as is_time_5_0_,
?[0m?[0;34m        code0_.is_views_restriction as is_views6_0_,
?[0m?[0;34m        code0_.last_update as last_upd7_0_,
?[0m?[0;34m        code0_.time_restriction as time_res8_0_,
?[0m?[0;34m        code0_.views_restriction as views_re9_0_ 
?[0m?[0;34m    from
?[0m?[0;34m        code.code code0_ 
?[0m?[0;34m    where
?[0m?[0;34m        code0_.id=?
?[1;31m
Start test 69?[0m
?[0m?[0;34mHibernate: 
?[0m?[0;34m    select
?[0m?[0;34m        code0_.id as id1_0_,
?[0m?[0;34m        code0_.content as content2_0_,
?[0m?[0;34m        code0_.date_to_hide as date_to_3_0_,
?[0m?[0;34m        code0_.is_hide as is_hide4_0_,
?[0m?[0;34m        code0_.is_time_restriction as is_time_5_0_,
?[0m?[0;34m        code0_.is_views_restriction as is_views6_0_,
?[0m?[0;34m        code0_.last_update as last_upd7_0_,
?[0m?[0;34m        code0_.time_restriction as time_res8_0_,
?[0m?[0;34m        code0_.views_restriction as views_re9_0_ 
?[0m?[0;34m    from
?[0m?[0;34m        code.code code0_ 
?[0m?[0;34m    where
?[0m?[0;34m        code0_.id=?
?[1;31m
Start test 70?[0m
?[0m?[0;34mHibernate: 
?[0m?[0;34m    select
?[0m?[0;34m        code0_.id as id1_0_,
?[0m?[0;34m        code0_.content as content2_0_,
?[0m?[0;34m        code0_.date_to_hide as date_to_3_0_,
?[0m?[0;34m        code0_.is_hide as is_hide4_0_,
?[0m?[0;34m        code0_.is_time_restriction as is_time_5_0_,
?[0m?[0;34m        code0_.is_views_restriction as is_views6_0_,
?[0m?[0;34m        code0_.last_update as last_upd7_0_,
?[0m?[0;34m        code0_.time_restriction as time_res8_0_,
?[0m?[0;34m        code0_.views_restriction as views_re9_0_ 
?[0m?[0;34m    from
?[0m?[0;34m        code.code code0_ 
?[0m?[0;34m    where
?[0m?[0;34m        code0_.id=?
?[0m?[0;34mHibernate: 
?[0m?[0;34m    select
?[0m?[0;34m        code0_.id as id1_0_,
?[0m?[0;34m        code0_.content as content2_0_,
?[0m?[0;34m        code0_.date_to_hide as date_to_3_0_,
?[0m?[0;34m        code0_.is_hide as is_hide4_0_,
?[0m?[0;34m        code0_.is_time_restriction as is_time_5_0_,
?[0m?[0;34m        code0_.is_views_restriction as is_views6_0_,
?[0m?[0;34m        code0_.last_update as last_upd7_0_,
?[0m?[0;34m        code0_.time_restriction as time_res8_0_,
?[0m?[0;34m        code0_.views_restriction as views_re9_0_ 
?[0m?[0;34m    from
?[0m?[0;34m        code.code code0_ 
?[0m?[0;34m    where
?[0m?[0;34m        code0_.id=?
?[1;31m
Start test 71?[0m
?[0m?[0;34mHibernate: 
?[0m?[0;34m    select
?[0m?[0;34m        code0_.id as id1_0_,
?[0m?[0;34m        code0_.content as content2_0_,
?[0m?[0;34m        code0_.date_to_hide as date_to_3_0_,
?[0m?[0;34m        code0_.is_hide as is_hide4_0_,
?[0m?[0;34m        code0_.is_time_restriction as is_time_5_0_,
?[0m?[0;34m        code0_.is_views_restriction as is_views6_0_,
?[0m?[0;34m        code0_.last_update as last_upd7_0_,
?[0m?[0;34m        code0_.time_restriction as time_res8_0_,
?[0m?[0;34m        code0_.views_restriction as views_re9_0_ 
?[0m?[0;34m    from
?[0m?[0;34m        code.code code0_ 
?[0m?[0;34m    where
?[0m?[0;34m        code0_.id=?
?[1;31m
Start test 72?[0m
?[0m?[0;34mHibernate: 
?[0m?[0;34m    select
?[0m?[0;34m        code0_.id as id1_0_,
?[0m?[0;34m        code0_.content as content2_0_,
?[0m?[0;34m        code0_.date_to_hide as date_to_3_0_,
?[0m?[0;34m        code0_.is_hide as is_hide4_0_,
?[0m?[0;34m        code0_.is_time_restriction as is_time_5_0_,
?[0m?[0;34m        code0_.is_views_restriction as is_views6_0_,
?[0m?[0;34m        code0_.last_update as last_upd7_0_,
?[0m?[0;34m        code0_.time_restriction as time_res8_0_,
?[0m?[0;34m        code0_.views_restriction as views_re9_0_ 
?[0m?[0;34m    from
?[0m?[0;34m        code.code code0_ 
?[0m?[0;34m    where
?[0m?[0;34m        code0_.id=?
?[0m?[0;34mHibernate: 
?[0m?[0;34m    select
?[0m?[0;34m        code0_.id as id1_0_,
?[0m?[0;34m        code0_.content as content2_0_,
?[0m?[0;34m        code0_.date_to_hide as date_to_3_0_,
?[0m?[0;34m        code0_.is_hide as is_hide4_0_,
?[0m?[0;34m        code0_.is_time_restriction as is_time_5_0_,
?[0m?[0;34m        code0_.is_views_restriction as is_views6_0_,
?[0m?[0;34m        code0_.last_update as last_upd7_0_,
?[0m?[0;34m        code0_.time_restriction as time_res8_0_,
?[0m?[0;34m        code0_.views_restriction as views_re9_0_ 
?[0m?[0;34m    from
?[0m?[0;34m        code.code code0_ 
?[0m?[0;34m    where
?[0m?[0;34m        code0_.id=?
?[1;31m
Start test 73?[0m
?[0m?[0;34mHibernate: 
?[0m?[0;34m    select
?[0m?[0;34m        code0_.id as id1_0_,
?[0m?[0;34m        code0_.content as content2_0_,
?[0m?[0;34m        code0_.date_to_hide as date_to_3_0_,
?[0m?[0;34m        code0_.is_hide as is_hide4_0_,
?[0m?[0;34m        code0_.is_time_restriction as is_time_5_0_,
?[0m?[0;34m        code0_.is_views_restriction as is_views6_0_,
?[0m?[0;34m        code0_.last_update as last_upd7_0_,
?[0m?[0;34m        code0_.time_restriction as time_res8_0_,
?[0m?[0;34m        code0_.views_restriction as views_re9_0_ 
?[0m?[0;34m    from
?[0m?[0;34m        code.code code0_ 
?[0m?[0;34m    where
?[0m?[0;34m        code0_.id=?
?[1;31m
Start test 74?[0m
?[0m?[0;34mHibernate: 
?[0m?[0;34m    select
?[0m?[0;34m        code0_.id as id1_0_,
?[0m?[0;34m        code0_.content as content2_0_,
?[0m?[0;34m        code0_.date_to_hide as date_to_3_0_,
?[0m?[0;34m        code0_.is_hide as is_hide4_0_,
?[0m?[0;34m        code0_.is_time_restriction as is_time_5_0_,
?[0m?[0;34m        code0_.is_views_restriction as is_views6_0_,
?[0m?[0;34m        code0_.last_update as last_upd7_0_,
?[0m?[0;34m        code0_.time_restriction as time_res8_0_,
?[0m?[0;34m        code0_.views_restriction as views_re9_0_ 
?[0m?[0;34m    from
?[0m?[0;34m        code.code code0_ 
?[0m?[0;34m    where
?[0m?[0;34m        code0_.id=?
?[0m?[0;34mHibernate: 
?[0m?[0;34m    select
?[0m?[0;34m        code0_.id as id1_0_,
?[0m?[0;34m        code0_.content as content2_0_,
?[0m?[0;34m        code0_.date_to_hide as date_to_3_0_,
?[0m?[0;34m        code0_.is_hide as is_hide4_0_,
?[0m?[0;34m        code0_.is_time_restriction as is_time_5_0_,
?[0m?[0;34m        code0_.is_views_restriction as is_views6_0_,
?[0m?[0;34m        code0_.last_update as last_upd7_0_,
?[0m?[0;34m        code0_.time_restriction as time_res8_0_,
?[0m?[0;34m        code0_.views_restriction as views_re9_0_ 
?[0m?[0;34m    from
?[0m?[0;34m        code.code code0_ 
?[0m?[0;34m    where
?[0m?[0;34m        code0_.id=?
?[1;31m
Start test 75?[0m
?[0m?[0;34mHibernate: 
?[0m?[0;34m    select
?[0m?[0;34m        code0_.id as id1_0_,
?[0m?[0;34m        code0_.content as content2_0_,
?[0m?[0;34m        code0_.date_to_hide as date_to_3_0_,
?[0m?[0;34m        code0_.is_hide as is_hide4_0_,
?[0m?[0;34m        code0_.is_time_restriction as is_time_5_0_,
?[0m?[0;34m        code0_.is_views_restriction as is_views6_0_,
?[0m?[0;34m        code0_.last_update as last_upd7_0_,
?[0m?[0;34m        code0_.time_restriction as time_res8_0_,
?[0m?[0;34m        code0_.views_restriction as views_re9_0_ 
?[0m?[0;34m    from
?[0m?[0;34m        code.code code0_ 
?[0m?[0;34m    where
?[0m?[0;34m        code0_.id=?
?[1;31m
Start test 76?[0m
?[0m?[0;34mHibernate: 
?[0m?[0;34m    select
?[0m?[0;34m        code0_.id as id1_0_,
?[0m?[0;34m        code0_.content as content2_0_,
?[0m?[0;34m        code0_.date_to_hide as date_to_3_0_,
?[0m?[0;34m        code0_.is_hide as is_hide4_0_,
?[0m?[0;34m        code0_.is_time_restriction as is_time_5_0_,
?[0m?[0;34m        code0_.is_views_restriction as is_views6_0_,
?[0m?[0;34m        code0_.last_update as last_upd7_0_,
?[0m?[0;34m        code0_.time_restriction as time_res8_0_,
?[0m?[0;34m        code0_.views_restriction as views_re9_0_ 
?[0m?[0;34m    from
?[0m?[0;34m        code.code code0_ 
?[0m?[0;34m    where
?[0m?[0;34m        code0_.id=?
?[0m?[0;34mHibernate: 
?[0m?[0;34m    select
?[0m?[0;34m        code0_.id as id1_0_,
?[0m?[0;34m        code0_.content as content2_0_,
?[0m?[0;34m        code0_.date_to_hide as date_to_3_0_,
?[0m?[0;34m        code0_.is_hide as is_hide4_0_,
?[0m?[0;34m        code0_.is_time_restriction as is_time_5_0_,
?[0m?[0;34m        code0_.is_views_restriction as is_views6_0_,
?[0m?[0;34m        code0_.last_update as last_upd7_0_,
?[0m?[0;34m        code0_.time_restriction as time_res8_0_,
?[0m?[0;34m        code0_.views_restriction as views_re9_0_ 
?[0m?[0;34m    from
?[0m?[0;34m        code.code code0_ 
?[0m?[0;34m    where
?[0m?[0;34m        code0_.id=?
?[1;31m
Start test 77?[0m
?[0m?[0;34mHibernate: 
?[0m?[0;34m    select
?[0m?[0;34m        code0_.id as id1_0_,
?[0m?[0;34m        code0_.content as content2_0_,
?[0m?[0;34m        code0_.date_to_hide as date_to_3_0_,
?[0m?[0;34m        code0_.is_hide as is_hide4_0_,
?[0m?[0;34m        code0_.is_time_restriction as is_time_5_0_,
?[0m?[0;34m        code0_.is_views_restriction as is_views6_0_,
?[0m?[0;34m        code0_.last_update as last_upd7_0_,
?[0m?[0;34m        code0_.time_restriction as time_res8_0_,
?[0m?[0;34m        code0_.views_restriction as views_re9_0_ 
?[0m?[0;34m    from
?[0m?[0;34m        code.code code0_ 
?[0m?[0;34m    where
?[0m?[0;34m        code0_.id=?
?[1;31m
Start test 78?[0m
?[0m?[0;34mHibernate: 
?[0m?[0;34m    select
?[0m?[0;34m        code0_.id as id1_0_,
?[0m?[0;34m        code0_.content as content2_0_,
?[0m?[0;34m        code0_.date_to_hide as date_to_3_0_,
?[0m?[0;34m        code0_.is_hide as is_hide4_0_,
?[0m?[0;34m        code0_.is_time_restriction as is_time_5_0_,
?[0m?[0;34m        code0_.is_views_restriction as is_views6_0_,
?[0m?[0;34m        code0_.last_update as last_upd7_0_,
?[0m?[0;34m        code0_.time_restriction as time_res8_0_,
?[0m?[0;34m        code0_.views_restriction as views_re9_0_ 
?[0m?[0;34m    from
?[0m?[0;34m        code.code code0_ 
?[0m?[0;34m    where
?[0m?[0;34m        code0_.id=?
?[0m?[0;34mHibernate: 
?[0m?[0;34m    select
?[0m?[0;34m        code0_.id as id1_0_,
?[0m?[0;34m        code0_.content as content2_0_,
?[0m?[0;34m        code0_.date_to_hide as date_to_3_0_,
?[0m?[0;34m        code0_.is_hide as is_hide4_0_,
?[0m?[0;34m        code0_.is_time_restriction as is_time_5_0_,
?[0m?[0;34m        code0_.is_views_restriction as is_views6_0_,
?[0m?[0;34m        code0_.last_update as last_upd7_0_,
?[0m?[0;34m        code0_.time_restriction as time_res8_0_,
?[0m?[0;34m        code0_.views_restriction as views_re9_0_ 
?[0m?[0;34m    from
?[0m?[0;34m        code.code code0_ 
?[0m?[0;34m    where
?[0m?[0;34m        code0_.id=?
?[1;31m
Start test 79?[0m
?[0m?[0;34mHibernate: 
?[0m?[0;34m    select
?[0m?[0;34m        code0_.id as id1_0_,
?[0m?[0;34m        code0_.content as content2_0_,
?[0m?[0;34m        code0_.date_to_hide as date_to_3_0_,
?[0m?[0;34m        code0_.is_hide as is_hide4_0_,
?[0m?[0;34m        code0_.is_time_restriction as is_time_5_0_,
?[0m?[0;34m        code0_.is_views_restriction as is_views6_0_,
?[0m?[0;34m        code0_.last_update as last_upd7_0_,
?[0m?[0;34m        code0_.time_restriction as time_res8_0_,
?[0m?[0;34m        code0_.views_restriction as views_re9_0_ 
?[0m?[0;34m    from
?[0m?[0;34m        code.code code0_ 
?[0m?[0;34m    where
?[0m?[0;34m        code0_.id=?
?[1;31m
Start test 80?[0m
?[0m?[0;34mHibernate: 
?[0m?[0;34m    select
?[0m?[0;34m        code0_.id as id1_0_,
?[0m?[0;34m        code0_.content as content2_0_,
?[0m?[0;34m        code0_.date_to_hide as date_to_3_0_,
?[0m?[0;34m        code0_.is_hide as is_hide4_0_,
?[0m?[0;34m        code0_.is_time_restriction as is_time_5_0_,
?[0m?[0;34m        code0_.is_views_restriction as is_views6_0_,
?[0m?[0;34m        code0_.last_update as last_upd7_0_,
?[0m?[0;34m        code0_.time_restriction as time_res8_0_,
?[0m?[0;34m        code0_.views_restriction as views_re9_0_ 
?[0m?[0;34m    from
?[0m?[0;34m        code.code code0_ 
?[0m?[0;34m    where
?[0m?[0;34m        code0_.id=?
?[0m?[0;34mHibernate: 
?[0m?[0;34m    select
?[0m?[0;34m        code0_.id as id1_0_,
?[0m?[0;34m        code0_.content as content2_0_,
?[0m?[0;34m        code0_.date_to_hide as date_to_3_0_,
?[0m?[0;34m        code0_.is_hide as is_hide4_0_,
?[0m?[0;34m        code0_.is_time_restriction as is_time_5_0_,
?[0m?[0;34m        code0_.is_views_restriction as is_views6_0_,
?[0m?[0;34m        code0_.last_update as last_upd7_0_,
?[0m?[0;34m        code0_.time_restriction as time_res8_0_,
?[0m?[0;34m        code0_.views_restriction as views_re9_0_ 
?[0m?[0;34m    from
?[0m?[0;34m        code.code code0_ 
?[0m?[0;34m    where
?[0m?[0;34m        code0_.id=?
?[1;31m
Start test 81?[0m
?[0m?[0;34mHibernate: 
?[0m?[0;34m    select
?[0m?[0;34m        code0_.id as id1_0_,
?[0m?[0;34m        code0_.content as content2_0_,
?[0m?[0;34m        code0_.date_to_hide as date_to_3_0_,
?[0m?[0;34m        code0_.is_hide as is_hide4_0_,
?[0m?[0;34m        code0_.is_time_restriction as is_time_5_0_,
?[0m?[0;34m        code0_.is_views_restriction as is_views6_0_,
?[0m?[0;34m        code0_.last_update as last_upd7_0_,
?[0m?[0;34m        code0_.time_restriction as time_res8_0_,
?[0m?[0;34m        code0_.views_restriction as views_re9_0_ 
?[0m?[0;34m    from
?[0m?[0;34m        code.code code0_ 
?[0m?[0;34m    where
?[0m?[0;34m        code0_.id=?
?[1;31m
Start test 82?[0m
?[0m?[0;34mHibernate: 
?[0m?[0;34m    select
?[0m?[0;34m        code0_.id as id1_0_,
?[0m?[0;34m        code0_.content as content2_0_,
?[0m?[0;34m        code0_.date_to_hide as date_to_3_0_,
?[0m?[0;34m        code0_.is_hide as is_hide4_0_,
?[0m?[0;34m        code0_.is_time_restriction as is_time_5_0_,
?[0m?[0;34m        code0_.is_views_restriction as is_views6_0_,
?[0m?[0;34m        code0_.last_update as last_upd7_0_,
?[0m?[0;34m        code0_.time_restriction as time_res8_0_,
?[0m?[0;34m        code0_.views_restriction as views_re9_0_ 
?[0m?[0;34m    from
?[0m?[0;34m        code.code code0_ 
?[0m?[0;34m    where
?[0m?[0;34m        code0_.id=?
?[0m?[0;34mHibernate: 
?[0m?[0;34m    select
?[0m?[0;34m        code0_.id as id1_0_,
?[0m?[0;34m        code0_.content as content2_0_,
?[0m?[0;34m        code0_.date_to_hide as date_to_3_0_,
?[0m?[0;34m        code0_.is_hide as is_hide4_0_,
?[0m?[0;34m        code0_.is_time_restriction as is_time_5_0_,
?[0m?[0;34m        code0_.is_views_restriction as is_views6_0_,
?[0m?[0;34m        code0_.last_update as last_upd7_0_,
?[0m?[0;34m        code0_.time_restriction as time_res8_0_,
?[0m?[0;34m        code0_.views_restriction as views_re9_0_ 
?[0m?[0;34m    from
?[0m?[0;34m        code.code code0_ 
?[0m?[0;34m    where
?[0m?[0;34m        code0_.id=?
?[1;31m
Start test 83?[0m
?[0m?[0;34mHibernate: 
?[0m?[0;34m    select
?[0m?[0;34m        code0_.id as id1_0_,
?[0m?[0;34m        code0_.content as content2_0_,
?[0m?[0;34m        code0_.date_to_hide as date_to_3_0_,
?[0m?[0;34m        code0_.is_hide as is_hide4_0_,
?[0m?[0;34m        code0_.is_time_restriction as is_time_5_0_,
?[0m?[0;34m        code0_.is_views_restriction as is_views6_0_,
?[0m?[0;34m        code0_.last_update as last_upd7_0_,
?[0m?[0;34m        code0_.time_restriction as time_res8_0_,
?[0m?[0;34m        code0_.views_restriction as views_re9_0_ 
?[0m?[0;34m    from
?[0m?[0;34m        code.code code0_ 
?[0m?[0;34m    where
?[0m?[0;34m        code0_.id=?
?[1;31m
Start test 84?[0m
?[0m?[0;34mHibernate: 
?[0m?[0;34m    select
?[0m?[0;34m        code0_.id as id1_0_,
?[0m?[0;34m        code0_.content as content2_0_,
?[0m?[0;34m        code0_.date_to_hide as date_to_3_0_,
?[0m?[0;34m        code0_.is_hide as is_hide4_0_,
?[0m?[0;34m        code0_.is_time_restriction as is_time_5_0_,
?[0m?[0;34m        code0_.is_views_restriction as is_views6_0_,
?[0m?[0;34m        code0_.last_update as last_upd7_0_,
?[0m?[0;34m        code0_.time_restriction as time_res8_0_,
?[0m?[0;34m        code0_.views_restriction as views_re9_0_ 
?[0m?[0;34m    from
?[0m?[0;34m        code.code code0_ 
?[0m?[0;34m    where
?[0m?[0;34m        code0_.id=?
?[0m?[0;34mHibernate: 
?[0m?[0;34m    select
?[0m?[0;34m        code0_.id as id1_0_,
?[0m?[0;34m        code0_.content as content2_0_,
?[0m?[0;34m        code0_.date_to_hide as date_to_3_0_,
?[0m?[0;34m        code0_.is_hide as is_hide4_0_,
?[0m?[0;34m        code0_.is_time_restriction as is_time_5_0_,
?[0m?[0;34m        code0_.is_views_restriction as is_views6_0_,
?[0m?[0;34m        code0_.last_update as last_upd7_0_,
?[0m?[0;34m        code0_.time_restriction as time_res8_0_,
?[0m?[0;34m        code0_.views_restriction as views_re9_0_ 
?[0m?[0;34m    from
?[0m?[0;34m        code.code code0_ 
?[0m?[0;34m    where
?[0m?[0;34m        code0_.id=?
?[1;31m
Start test 85?[0m
?[0m?[0;34mHibernate: 
?[0m?[0;34m    SELECT
?[0m?[0;34m        * 
?[0m?[0;34m    FROM
?[0m?[0;34m        code.code 
?[0m?[0;34m    WHERE
?[0m?[0;34m        is_time_restriction = false 
?[0m?[0;34m        and is_views_restriction = false 
?[0m?[0;34m    ORDER BY
?[0m?[0;34m        last_update DESC LIMIT 10
?[1;31m
Start test 86?[0m
?[0m?[0;34mHibernate: 
?[0m?[0;34m    SELECT
?[0m?[0;34m        * 
?[0m?[0;34m    FROM
?[0m?[0;34m        code.code 
?[0m?[0;34m    WHERE
?[0m?[0;34m        is_time_restriction = false 
?[0m?[0;34m        and is_views_restriction = false 
?[0m?[0;34m    ORDER BY
[...]
?[0m?[0;34m2023-04-15 00:50:27.154  INFO 13508 --- [    Test worker] o.apache.catalina.core.StandardService   : Starting service [Tomcat]
?[0m?[0;34m2023-04-15 00:50:27.154  INFO 13508 --- [    Test worker] org.apache.catalina.core.StandardEngine  : Starting Servlet engine: [Apache Tomcat/9.0.54]
?[0m?[0;34m2023-04-15 00:50:27.184  INFO 13508 --- [    Test worker] o.a.c.c.C.[Tomcat].[localhost].[/]       : Initializing Spring embedded WebApplicationContext
?[0m?[0;34m2023-04-15 00:50:27.184  INFO 13508 --- [    Test worker] w.s.c.ServletWebServerApplicationContext : Root WebApplicationContext: initialization completed in 290 ms
?[0m?[0;34m2023-04-15 00:50:27.236  INFO 13508 --- [    Test worker] o.hibernate.jpa.internal.util.LogHelper  : HHH000204: Processing PersistenceUnitInfo [name: default]
?[0m?[0;34m2023-04-15 00:50:27.241  INFO 13508 --- [    Test worker] com.zaxxer.hikari.HikariDataSource       : HikariPool-3 - Starting...
?[0m?[0;34m2023-04-15 00:50:27.297  INFO 13508 --- [    Test worker] com.zaxxer.hikari.HikariDataSource       : HikariPool-3 - Start completed.
?[0m?[0;34m2023-04-15 00:50:27.297  INFO 13508 --- [    Test worker] org.hibernate.dialect.Dialect            : HHH000400: Using dialect: org.hibernate.dialect.PostgreSQLDialect
?[0m?[0;34m2023-04-15 00:50:27.361  INFO 13508 --- [    Test worker] o.h.e.t.j.p.i.JtaPlatformInitiator       : HHH000490: Using JtaPlatform implementation: [org.hibernate.engine.transaction.jta.platform.internal.NoJtaPlatform]
?[0m?[0;34m2023-04-15 00:50:27.361  INFO 13508 --- [    Test worker] j.LocalContainerEntityManagerFactoryBean : Initialized JPA EntityManagerFactory for persistence unit 'default'
?[0m?[0;34m2023-04-15 00:50:27.415  WARN 13508 --- [    Test worker] JpaBaseConfiguration$JpaWebConfiguration : spring.jpa.open-in-view is enabled by default. Therefore, database queries may be performed during view rendering. Explicitly configure spring.jpa.open-in-view to disable this warning
?[0m?[0;34m2023-04-15 00:50:27.553  INFO 13508 --- [    Test worker] o.s.b.a.e.web.EndpointLinksResolver      : Exposing 1 endpoint(s) beneath base path '/actuator'
?[0m?[0;34m2023-04-15 00:50:27.566  INFO 13508 --- [    Test worker] o.s.b.w.embedded.tomcat.TomcatWebServer  : Tomcat started on port(s): 8889 (http) with context path ''
?[0m?[0;34m2023-04-15 00:50:27.570  INFO 13508 --- [    Test worker] platform.CodeSharingPlatform             : Started CodeSharingPlatform in 0.696 seconds (JVM running for 39.647)
?[0m?[1;31m
Start test 104?[0m
?[1;31m
Start test 105?[0m
?[0;34m2023-04-15 00:50:27.575  INFO 13508 --- [nio-8889-exec-1] o.a.c.c.C.[Tomcat].[localhost].[/]       : Initializing Spring DispatcherServlet 'dispatcherServlet'
?[0m?[0;34m2023-04-15 00:50:27.576  INFO 13508 --- [nio-8889-exec-1] o.s.web.servlet.DispatcherServlet        : Initializing Servlet 'dispatcherServlet'
?[0m?[0;34m2023-04-15 00:50:27.577  INFO 13508 --- [nio-8889-exec-1] o.s.web.servlet.DispatcherServlet        : Completed initialization in 1 ms
?[0m?[0;34mHibernate: 
?[0m?[0;34m    select
?[0m?[0;34m        code0_.id as id1_0_,
?[0m?[0;34m        code0_.content as content2_0_,
?[0m?[0;34m        code0_.date_to_hide as date_to_3_0_,
?[0m?[0;34m        code0_.is_hide as is_hide4_0_,
?[0m?[0;34m        code0_.is_time_restriction as is_time_5_0_,
?[0m?[0;34m        code0_.is_views_restriction as is_views6_0_,
?[0m?[0;34m        code0_.last_update as last_upd7_0_,
?[0m?[0;34m        code0_.time_restriction as time_res8_0_,
?[0m?[0;34m        code0_.views_restriction as views_re9_0_ 
?[0m?[0;34m    from
?[0m?[0;34m        code.code code0_ 
?[0m?[0;34m    where
?[0m?[0;34m        code0_.id=?
?[0m?[0;34mHibernate: 
?[0m?[0;34m    update
?[0m?[0;34m        code.code 
?[0m?[0;34m    set
?[0m?[0;34m        content=?,
?[0m?[0;34m        date_to_hide=?,
?[0m?[0;34m        is_hide=?,
?[0m?[0;34m        is_time_restriction=?,
?[0m?[0;34m        is_views_restriction=?,
?[0m?[0;34m        last_update=?,
?[0m?[0;34m        time_restriction=?,
?[0m?[0;34m        views_restriction=? 
?[0m?[0;34m    where
?[0m?[0;34m        id=?
?[1;31m
Start test 106?[0m
?[0;34mHibernate: 
?[0m?[0;34m    select
?[0m?[0;34m        code0_.id as id1_0_,
?[0m?[0;34m        code0_.content as content2_0_,
?[0m?[0;34m        code0_.date_to_hide as date_to_3_0_,
?[0m?[0;34m        code0_.is_hide as is_hide4_0_,
?[0m?[0;34m        code0_.is_time_restriction as is_time_5_0_,
?[0m?[0;34m        code0_.is_views_restriction as is_views6_0_,
?[0m?[0;34m        code0_.last_update as last_upd7_0_,
?[0m?[0;34m        code0_.time_restriction as time_res8_0_,
?[0m?[0;34m        code0_.views_restriction as views_re9_0_ 
?[0m?[0;34m    from
?[0m?[0;34m        code.code code0_ 
?[0m?[0;34m    where
?[0m?[0;34m        code0_.id=?
?[0m?[0;34mHibernate: 
?[0m?[0;34m    update
?[0m?[0;34m        code.code 
?[0m?[0;34m    set
?[0m?[0;34m        content=?,
?[0m?[0;34m        date_to_hide=?,
?[0m?[0;34m        is_hide=?,
?[0m?[0;34m        is_time_restriction=?,
?[0m?[0;34m        is_views_restriction=?,
?[0m?[0;34m        last_update=?,
?[0m?[0;34m        time_restriction=?,
?[0m?[0;34m        views_restriction=? 
?[0m?[0;34m    where
?[0m?[0;34m        id=?
?[0m?[0;34mHibernate: 
?[0m?[0;34m    select
?[0m?[0;34m        code0_.id as id1_0_,
?[0m?[0;34m        code0_.content as content2_0_,
?[0m?[0;34m        code0_.date_to_hide as date_to_3_0_,
?[0m?[0;34m        code0_.is_hide as is_hide4_0_,
?[0m?[0;34m        code0_.is_time_restriction as is_time_5_0_,
?[0m?[0;34m        code0_.is_views_restriction as is_views6_0_,
?[0m?[0;34m        code0_.last_update as last_upd7_0_,
?[0m?[0;34m        code0_.time_restriction as time_res8_0_,
?[0m?[0;34m        code0_.views_restriction as views_re9_0_ 
?[0m?[0;34m    from
?[0m?[0;34m        code.code code0_ 
?[0m?[0;34m    where
?[0m?[0;34m        code0_.id=?
?[1;31m
Start test 107?[0m
?[0;34mHibernate: 
?[0m?[0;34m    select
?[0m?[0;34m        code0_.id as id1_0_,
?[0m?[0;34m        code0_.content as content2_0_,
?[0m?[0;34m        code0_.date_to_hide as date_to_3_0_,
?[0m?[0;34m        code0_.is_hide as is_hide4_0_,
?[0m?[0;34m        code0_.is_time_restriction as is_time_5_0_,
?[0m?[0;34m        code0_.is_views_restriction as is_views6_0_,
?[0m?[0;34m        code0_.last_update as last_upd7_0_,
?[0m?[0;34m        code0_.time_restriction as time_res8_0_,
?[0m?[0;34m        code0_.views_restriction as views_re9_0_ 
?[0m?[0;34m    from
?[0m?[0;34m        code.code code0_ 
?[0m?[0;34m    where
?[0m?[0;34m        code0_.id=?
?[0m?[0;34mHibernate: 
?[0m?[0;34m    update
?[0m?[0;34m        code.code 
?[0m?[0;34m    set
?[0m?[0;34m        content=?,
?[0m?[0;34m        date_to_hide=?,
?[0m?[0;34m        is_hide=?,
?[0m?[0;34m        is_time_restriction=?,
?[0m?[0;34m        is_views_restriction=?,
?[0m?[0;34m        last_update=?,
?[0m?[0;34m        time_restriction=?,
?[0m?[0;34m        views_restriction=? 
?[0m?[0;34m    where
?[0m?[0;34m        id=?
?[1;31m
Start test 108?[0m
?[0;34mHibernate: 
?[0m?[0;34m    select
?[0m?[0;34m        code0_.id as id1_0_,
?[0m?[0;34m        code0_.content as content2_0_,
?[0m?[0;34m        code0_.date_to_hide as date_to_3_0_,
?[0m?[0;34m        code0_.is_hide as is_hide4_0_,
?[0m?[0;34m        code0_.is_time_restriction as is_time_5_0_,
?[0m?[0;34m        code0_.is_views_restriction as is_views6_0_,
?[0m?[0;34m        code0_.last_update as last_upd7_0_,
?[0m?[0;34m        code0_.time_restriction as time_res8_0_,
?[0m?[0;34m        code0_.views_restriction as views_re9_0_ 
?[0m?[0;34m    from
?[0m?[0;34m        code.code code0_ 
?[0m?[0;34m    where
?[0m?[0;34m        code0_.id=?
?[0m?[0;34mHibernate: 
?[0m?[0;34m    update
?[0m?[0;34m        code.code 
?[0m?[0;34m    set
?[0m?[0;34m        content=?,
?[0m?[0;34m        date_to_hide=?,
?[0m?[0;34m        is_hide=?,
?[0m?[0;34m        is_time_restriction=?,
?[0m?[0;34m        is_views_restriction=?,
?[0m?[0;34m        last_update=?,
?[0m?[0;34m        time_restriction=?,
?[0m?[0;34m        views_restriction=? 
?[0m?[0;34m    where
?[0m?[0;34m        id=?
?[0m?[0;34mHibernate: 
?[0m?[0;34m    select
?[0m?[0;34m        code0_.id as id1_0_,
?[0m?[0;34m        code0_.content as content2_0_,
?[0m?[0;34m        code0_.date_to_hide as date_to_3_0_,
?[0m?[0;34m        code0_.is_hide as is_hide4_0_,
?[0m?[0;34m        code0_.is_time_restriction as is_time_5_0_,
?[0m?[0;34m        code0_.is_views_restriction as is_views6_0_,
?[0m?[0;34m        code0_.last_update as last_upd7_0_,
?[0m?[0;34m        code0_.time_restriction as time_res8_0_,
?[0m?[0;34m        code0_.views_restriction as views_re9_0_ 
?[0m?[0;34m    from
?[0m?[0;34m        code.code code0_ 
?[0m?[0;34m    where
?[0m?[0;34m        code0_.id=?
?[1;31m
Start test 109?[0m
?[0;34mHibernate: 
?[0m?[0;34m    select
?[0m?[0;34m        code0_.id as id1_0_,
?[0m?[0;34m        code0_.content as content2_0_,
?[0m?[0;34m        code0_.date_to_hide as date_to_3_0_,
?[0m?[0;34m        code0_.is_hide as is_hide4_0_,
?[0m?[0;34m        code0_.is_time_restriction as is_time_5_0_,
?[0m?[0;34m        code0_.is_views_restriction as is_views6_0_,
?[0m?[0;34m        code0_.last_update as last_upd7_0_,
?[0m?[0;34m        code0_.time_restriction as time_res8_0_,
?[0m?[0;34m        code0_.views_restriction as views_re9_0_ 
?[0m?[0;34m    from
?[0m?[0;34m        code.code code0_ 
?[0m?[0;34m    where
?[0m?[0;34m        code0_.id=?
?[1;31m
Start test 110?[0m
?[0;34mHibernate: 
?[0m?[0;34m    select
?[0m?[0;34m        code0_.id as id1_0_,
?[0m?[0;34m        code0_.content as content2_0_,
?[0m?[0;34m        code0_.date_to_hide as date_to_3_0_,
?[0m?[0;34m        code0_.is_hide as is_hide4_0_,
?[0m?[0;34m        code0_.is_time_restriction as is_time_5_0_,
?[0m?[0;34m        code0_.is_views_restriction as is_views6_0_,
?[0m?[0;34m        code0_.last_update as last_upd7_0_,
?[0m?[0;34m        code0_.time_restriction as time_res8_0_,
?[0m?[0;34m        code0_.views_restriction as views_re9_0_ 
?[0m?[0;34m    from
?[0m?[0;34m        code.code code0_ 
?[0m?[0;34m    where
?[0m?[0;34m        code0_.id=?
?[0m?[0;34mHibernate: 
?[0m?[0;34m    select
?[0m?[0;34m        code0_.id as id1_0_,
?[0m?[0;34m        code0_.content as content2_0_,
?[0m?[0;34m        code0_.date_to_hide as date_to_3_0_,
?[0m?[0;34m        code0_.is_hide as is_hide4_0_,
?[0m?[0;34m        code0_.is_time_restriction as is_time_5_0_,
?[0m?[0;34m        code0_.is_views_restriction as is_views6_0_,
?[0m?[0;34m        code0_.last_update as last_upd7_0_,
?[0m?[0;34m        code0_.time_restriction as time_res8_0_,
?[0m?[0;34m        code0_.views_restriction as views_re9_0_ 
?[0m?[0;34m    from
?[0m?[0;34m        code.code code0_ 
?[0m?[0;34m    where
?[0m?[0;34m        code0_.id=?
?[1;31m
Start test 111?[0m
?[0;34mHibernate: 
?[0m?[0;34m    select
?[0m?[0;34m        code0_.id as id1_0_,
?[0m?[0;34m        code0_.content as content2_0_,
?[0m?[0;34m        code0_.date_to_hide as date_to_3_0_,
?[0m?[0;34m        code0_.is_hide as is_hide4_0_,
?[0m?[0;34m        code0_.is_time_restriction as is_time_5_0_,
?[0m?[0;34m        code0_.is_views_restriction as is_views6_0_,
?[0m?[0;34m        code0_.last_update as last_upd7_0_,
?[0m?[0;34m        code0_.time_restriction as time_res8_0_,
?[0m?[0;34m        code0_.views_restriction as views_re9_0_ 
?[0m?[0;34m    from
?[0m?[0;34m        code.code code0_ 
?[0m?[0;34m    where
?[0m?[0;34m        code0_.id=?
?[0m?[0;34mHibernate: 
?[0m?[0;34m    update
?[0m?[0;34m        code.code 
?[0m?[0;34m    set
?[0m?[0;34m        content=?,
?[0m?[0;34m        date_to_hide=?,
?[0m?[0;34m        is_hide=?,
?[0m?[0;34m        is_time_restriction=?,
?[0m?[0;34m        is_views_restriction=?,
?[0m?[0;34m        last_update=?,
?[0m?[0;34m        time_restriction=?,
?[0m?[0;34m        views_restriction=? 
?[0m?[0;34m    where
?[0m?[0;34m        id=?
?[1;31m
Start test 112?[0m
?[0;34mHibernate: 
?[0m?[0;34m    select
?[0m?[0;34m        code0_.id as id1_0_,
?[0m?[0;34m        code0_.content as content2_0_,
?[0m?[0;34m        code0_.date_to_hide as date_to_3_0_,
?[0m?[0;34m        code0_.is_hide as is_hide4_0_,
?[0m?[0;34m        code0_.is_time_restriction as is_time_5_0_,
?[0m?[0;34m        code0_.is_views_restriction as is_views6_0_,
?[0m?[0;34m        code0_.last_update as last_upd7_0_,
?[0m?[0;34m        code0_.time_restriction as time_res8_0_,
?[0m?[0;34m        code0_.views_restriction as views_re9_0_ 
?[0m?[0;34m    from
?[0m?[0;34m        code.code code0_ 
?[0m?[0;34m    where
?[0m?[0;34m        code0_.id=?
?[0m?[0;34mHibernate: 
?[0m?[0;34m    select
?[0m?[0;34m        code0_.id as id1_0_,
?[0m?[0;34m        code0_.content as content2_0_,
?[0m?[0;34m        code0_.date_to_hide as date_to_3_0_,
?[0m?[0;34m        code0_.is_hide as is_hide4_0_,
?[0m?[0;34m        code0_.is_time_restriction as is_time_5_0_,
?[0m?[0;34m        code0_.is_views_restriction as is_views6_0_,
?[0m?[0;34m        code0_.last_update as last_upd7_0_,
?[0m?[0;34m        code0_.time_restriction as time_res8_0_,
?[0m?[0;34m        code0_.views_restriction as views_re9_0_ 
?[0m?[0;34m    from
?[0m?[0;34m        code.code code0_ 
?[0m?[0;34m    where
?[0m?[0;34m        code0_.id=?
?[1;31m
Start test 113?[0m
?[0;34mHibernate: 
?[0m?[0;34m    SELECT
?[0m?[0;34m        * 
?[0m?[0;34m    FROM
?[0m?[0;34m        code.code 
?[0m?[0;34m    WHERE
?[0m?[0;34m        is_time_restriction = false 
?[0m?[0;34m        and is_views_restriction = false 
?[0m?[0;34m    ORDER BY
?[0m?[0;34m        last_update DESC LIMIT 10
?[1;31m
Start test 114?[0m
?[0;34mHibernate: 
?[0m?[0;34m    SELECT
?[0m?[0;34m        * 
?[0m?[0;34m    FROM
?[0m?[0;34m        code.code 
?[0m?[0;34m    WHERE
?[0m?[0;34m        is_time_restriction = false 
?[0m?[0;34m        and is_views_restriction = false 
?[0m?[0;34m    ORDER BY
?[0m?[0;34m        last_update DESC LIMIT 10
?[1;31m
Start test 115?[0m
?[0m?[0;34mHibernate: 
?[0m?[0;34m    select
?[0m?[0;34m        code0_.id as id1_0_,
?[0m?[0;34m        code0_.content as content2_0_,
?[0m?[0;34m        code0_.date_to_hide as date_to_3_0_,
?[0m?[0;34m        code0_.is_hide as is_hide4_0_,
?[0m?[0;34m        code0_.is_time_restriction as is_time_5_0_,
?[0m?[0;34m        code0_.is_views_restriction as is_views6_0_,
?[0m?[0;34m        code0_.last_update as last_upd7_0_,
?[0m?[0;34m        code0_.time_restriction as time_res8_0_,
?[0m?[0;34m        code0_.views_restriction as views_re9_0_ 
?[0m?[0;34m    from
?[0m?[0;34m        code.code code0_ 
?[0m?[0;34m    where
?[0m?[0;34m        code0_.id=?
?[0m?[0;34mHibernate: 
?[0m?[0;34m    update
?[0m?[0;34m        code.code 
?[0m?[0;34m    set
?[0m?[0;34m        content=?,
?[0m?[0;34m        date_to_hide=?,
?[0m?[0;34m        is_hide=?,
?[0m?[0;34m        is_time_restriction=?,
?[0m?[0;34m        is_views_restriction=?,
?[0m?[0;34m        last_update=?,
?[0m?[0;34m        time_restriction=?,
?[0m?[0;34m        views_restriction=? 
?[0m?[0;34m    where
?[0m?[0;34m        id=?
?[1;31m
Start test 116?[0m
?[0m?[0;34mHibernate: 
?[0m?[0;34m    select
?[0m?[0;34m        code0_.id as id1_0_,
?[0m?[0;34m        code0_.content as content2_0_,
?[0m?[0;34m        code0_.date_to_hide as date_to_3_0_,
?[0m?[0;34m        code0_.is_hide as is_hide4_0_,
?[0m?[0;34m        code0_.is_time_restriction as is_time_5_0_,
?[0m?[0;34m        code0_.is_views_restriction as is_views6_0_,
?[0m?[0;34m        code0_.last_update as last_upd7_0_,
?[0m?[0;34m        code0_.time_restriction as time_res8_0_,
?[0m?[0;34m        code0_.views_restriction as views_re9_0_ 
?[0m?[0;34m    from
?[0m?[0;34m        code.code code0_ 
?[0m?[0;34m    where
?[0m?[0;34m        code0_.id=?
?[0m?[0;34mHibernate: 
?[0m?[0;34m    update
?[0m?[0;34m        code.code 
?[0m?[0;34m    set
?[0m?[0;34m        content=?,
?[0m?[0;34m        date_to_hide=?,
?[0m?[0;34m        is_hide=?,
?[0m?[0;34m        is_time_restriction=?,
?[0m?[0;34m        is_views_restriction=?,
?[0m?[0;34m        last_update=?,
?[0m?[0;34m        time_restriction=?,
?[0m?[0;34m        views_restriction=? 
?[0m?[0;34m    where
?[0m?[0;34m        id=?
?[1;31m
Start test 117?[0m
?[0m?[0;34mHibernate: 
?[0m?[0;34m    select
?[0m?[0;34m        code0_.id as id1_0_,
?[0m?[0;34m        code0_.content as content2_0_,
?[0m?[0;34m        code0_.date_to_hide as date_to_3_0_,
?[0m?[0;34m        code0_.is_hide as is_hide4_0_,
?[0m?[0;34m        code0_.is_time_restriction as is_time_5_0_,
?[0m?[0;34m        code0_.is_views_restriction as is_views6_0_,
?[0m?[0;34m        code0_.last_update as last_upd7_0_,
?[0m?[0;34m        code0_.time_restriction as time_res8_0_,
?[0m?[0;34m        code0_.views_restriction as views_re9_0_ 
?[0m?[0;34m    from
?[0m?[0;34m        code.code code0_ 
?[0m?[0;34m    where
?[0m?[0;34m        code0_.id=?
?[0m?[0;34mHibernate: 
?[0m?[0;34m    update
?[0m?[0;34m        code.code 
?[0m?[0;34m    set
?[0m?[0;34m        content=?,
?[0m?[0;34m        date_to_hide=?,
?[0m?[0;34m        is_hide=?,
?[0m?[0;34m        is_time_restriction=?,
?[0m?[0;34m        is_views_restriction=?,
?[0m?[0;34m        last_update=?,
?[0m?[0;34m        time_restriction=?,
?[0m?[0;34m        views_restriction=? 
?[0m?[0;34m    where
?[0m?[0;34m        id=?
?[0m?[0;34mHibernate: 
?[0m?[0;34m    select
?[0m?[0;34m        code0_.id as id1_0_,
?[0m?[0;34m        code0_.content as content2_0_,
?[0m?[0;34m        code0_.date_to_hide as date_to_3_0_,
?[0m?[0;34m        code0_.is_hide as is_hide4_0_,
?[0m?[0;34m        code0_.is_time_restriction as is_time_5_0_,
?[0m?[0;34m        code0_.is_views_restriction as is_views6_0_,
?[0m?[0;34m        code0_.last_update as last_upd7_0_,
?[0m?[0;34m        code0_.time_restriction as time_res8_0_,
?[0m?[0;34m        code0_.views_restriction as views_re9_0_ 
?[0m?[0;34m    from
?[0m?[0;34m        code.code code0_ 
?[0m?[0;34m    where
?[0m?[0;34m        code0_.id=?
?[1;31m
Start test 118?[0m
?[0m?[0;34mHibernate: 
?[0m?[0;34m    select
?[0m?[0;34m        code0_.id as id1_0_,
?[0m?[0;34m        code0_.content as content2_0_,
?[0m?[0;34m        code0_.date_to_hide as date_to_3_0_,
?[0m?[0;34m        code0_.is_hide as is_hide4_0_,
?[0m?[0;34m        code0_.is_time_restriction as is_time_5_0_,
?[0m?[0;34m        code0_.is_views_restriction as is_views6_0_,
?[0m?[0;34m        code0_.last_update as last_upd7_0_,
?[0m?[0;34m        code0_.time_restriction as time_res8_0_,
?[0m?[0;34m        code0_.views_restriction as views_re9_0_ 
?[0m?[0;34m    from
?[0m?[0;34m        code.code code0_ 
?[0m?[0;34m    where
?[0m?[0;34m        code0_.id=?
?[1;31m
Start test 119?[0m
?[0m?[0;34mHibernate: 
?[0m?[0;34m    select
?[0m?[0;34m        code0_.id as id1_0_,
?[0m?[0;34m        code0_.content as content2_0_,
?[0m?[0;34m        code0_.date_to_hide as date_to_3_0_,
?[0m?[0;34m        code0_.is_hide as is_hide4_0_,
?[0m?[0;34m        code0_.is_time_restriction as is_time_5_0_,
?[0m?[0;34m        code0_.is_views_restriction as is_views6_0_,
?[0m?[0;34m        code0_.last_update as last_upd7_0_,
?[0m?[0;34m        code0_.time_restriction as time_res8_0_,
?[0m?[0;34m        code0_.views_restriction as views_re9_0_ 
?[0m?[0;34m    from
?[0m?[0;34m        code.code code0_ 
?[0m?[0;34m    where
?[0m?[0;34m        code0_.id=?
?[0m?[0;34mHibernate: 
?[0m?[0;34m    select
?[0m?[0;34m        code0_.id as id1_0_,
?[0m?[0;34m        code0_.content as content2_0_,
?[0m?[0;34m        code0_.date_to_hide as date_to_3_0_,
?[0m?[0;34m        code0_.is_hide as is_hide4_0_,
?[0m?[0;34m        code0_.is_time_restriction as is_time_5_0_,
?[0m?[0;34m        code0_.is_views_restriction as is_views6_0_,
?[0m?[0;34m        code0_.last_update as last_upd7_0_,
?[0m?[0;34m        code0_.time_restriction as time_res8_0_,
?[0m?[0;34m        code0_.views_restriction as views_re9_0_ 
?[0m?[0;34m    from
?[0m?[0;34m        code.code code0_ 
?[0m?[0;34m    where
?[0m?[0;34m        code0_.id=?
]]></system-out>
  <system-err><![CDATA[]]></system-err>
</testsuite>
